{"meta": {"format": 3, "version": "7.10.3", "timestamp": "2025-08-22T15:14:54.101168", "branch_coverage": false, "show_contexts": false}, "files": {"src/harmonic_analysis/__init__.py": {"executed_lines": [1, 8, 11, 16, 21, 25, 31, 39, 44, 53, 56, 59, 61], "summary": {"covered_lines": 12, "num_statements": 12, "percent_covered": 100.0, "percent_covered_display": "100", "missing_lines": 0, "excluded_lines": 0}, "missing_lines": [], "excluded_lines": [], "functions": {"": {"executed_lines": [1, 8, 11, 16, 21, 25, 31, 39, 44, 53, 56, 59, 61], "summary": {"covered_lines": 12, "num_statements": 12, "percent_covered": 100.0, "percent_covered_display": "100", "missing_lines": 0, "excluded_lines": 0}, "missing_lines": [], "excluded_lines": []}}, "classes": {"": {"executed_lines": [1, 8, 11, 16, 21, 25, 31, 39, 44, 53, 56, 59, 61], "summary": {"covered_lines": 12, "num_statements": 12, "percent_covered": 100.0, "percent_covered_display": "100", "missing_lines": 0, "excluded_lines": 0}, "missing_lines": [], "excluded_lines": []}}}, "src/harmonic_analysis/chord_logic.py": {"executed_lines": [1, 5, 6, 7, 9, 10, 13, 14, 15, 17, 18, 19, 20, 21, 22, 23, 24, 26, 27, 28, 31, 32, 35, 43, 44, 58, 71, 72, 73, 75, 76, 77, 79, 82, 85, 88, 91, 92, 93, 95, 96, 98, 99, 100, 103, 104, 105, 108, 109, 111, 122, 126, 129, 131, 132, 133, 135, 136, 140, 143, 144, 146, 148, 151, 161, 162, 165, 166, 168, 171, 174, 184, 185, 187, 188, 189, 190, 191, 193, 202, 205, 219, 222, 223, 226, 229, 230, 250], "summary": {"covered_lines": 85, "num_statements": 95, "percent_covered": 89.47368421052632, "percent_covered_display": "89", "missing_lines": 10, "excluded_lines": 0}, "missing_lines": [83, 97, 130, 134, 138, 145, 147, 169, 220, 240], "excluded_lines": [], "functions": {"ChordMatch.__post_init__": {"executed_lines": [27, 28], "summary": {"covered_lines": 2, "num_statements": 2, "percent_covered": 100.0, "percent_covered_display": "100", "missing_lines": 0, "excluded_lines": 0}, "missing_lines": [], "excluded_lines": []}, "ChordParser.__init__": {"executed_lines": [44], "summary": {"covered_lines": 1, "num_statements": 1, "percent_covered": 100.0, "percent_covered_display": "100", "missing_lines": 0, "excluded_lines": 0}, "missing_lines": [], "excluded_lines": []}, "ChordParser.parse_chord": {"executed_lines": [71, 72, 73, 75, 76, 77, 79, 82, 85, 88, 91, 92, 93, 95, 96, 98, 99, 100, 103, 104, 105, 108, 109, 111], "summary": {"covered_lines": 24, "num_statements": 26, "percent_covered": 92.3076923076923, "percent_covered_display": "92", "missing_lines": 2, "excluded_lines": 0}, "missing_lines": [83, 97], "excluded_lines": []}, "ChordParser._calculate_inversion": {"executed_lines": [126, 129, 131, 132, 133, 135, 136], "summary": {"covered_lines": 7, "num_statements": 10, "percent_covered": 70.0, "percent_covered_display": "70", "missing_lines": 3, "excluded_lines": 0}, "missing_lines": [130, 134, 138], "excluded_lines": []}, "ChordParser._parse_alterations": {"executed_lines": [143, 144, 146, 148], "summary": {"covered_lines": 4, "num_statements": 6, "percent_covered": 66.66666666666667, "percent_covered_display": "67", "missing_lines": 2, "excluded_lines": 0}, "missing_lines": [145, 147], "excluded_lines": []}, "parse_chord_progression": {"executed_lines": [161, 162, 165, 166, 168, 171], "summary": {"covered_lines": 6, "num_statements": 7, "percent_covered": 85.71428571428571, "percent_covered_display": "86", "missing_lines": 1, "excluded_lines": 0}, "missing_lines": [169], "excluded_lines": []}, "find_chord_matches": {"executed_lines": [184, 185, 187, 188, 189, 190, 191, 193, 202], "summary": {"covered_lines": 9, "num_statements": 9, "percent_covered": 100.0, "percent_covered_display": "100", "missing_lines": 0, "excluded_lines": 0}, "missing_lines": [], "excluded_lines": []}, "determine_chord_function": {"executed_lines": [219, 222, 223, 226, 229, 230, 250], "summary": {"covered_lines": 7, "num_statements": 9, "percent_covered": 77.77777777777777, "percent_covered_display": "78", "missing_lines": 2, "excluded_lines": 0}, "missing_lines": [220, 240], "excluded_lines": []}, "": {"executed_lines": [1, 5, 6, 7, 9, 10, 13, 14, 15, 17, 18, 19, 20, 21, 22, 23, 24, 26, 31, 32, 35, 43, 58, 122, 140, 151, 174, 205], "summary": {"covered_lines": 25, "num_statements": 25, "percent_covered": 100.0, "percent_covered_display": "100", "missing_lines": 0, "excluded_lines": 0}, "missing_lines": [], "excluded_lines": []}}, "classes": {"ChordMatch": {"executed_lines": [27, 28], "summary": {"covered_lines": 2, "num_statements": 2, "percent_covered": 100.0, "percent_covered_display": "100", "missing_lines": 0, "excluded_lines": 0}, "missing_lines": [], "excluded_lines": []}, "ChordParser": {"executed_lines": [44, 71, 72, 73, 75, 76, 77, 79, 82, 85, 88, 91, 92, 93, 95, 96, 98, 99, 100, 103, 104, 105, 108, 109, 111, 126, 129, 131, 132, 133, 135, 136, 143, 144, 146, 148], "summary": {"covered_lines": 36, "num_statements": 43, "percent_covered": 83.72093023255815, "percent_covered_display": "84", "missing_lines": 7, "excluded_lines": 0}, "missing_lines": [83, 97, 130, 134, 138, 145, 147], "excluded_lines": []}, "": {"executed_lines": [1, 5, 6, 7, 9, 10, 13, 14, 15, 17, 18, 19, 20, 21, 22, 23, 24, 26, 31, 32, 35, 43, 58, 122, 140, 151, 161, 162, 165, 166, 168, 171, 174, 184, 185, 187, 188, 189, 190, 191, 193, 202, 205, 219, 222, 223, 226, 229, 230, 250], "summary": {"covered_lines": 47, "num_statements": 50, "percent_covered": 94.0, "percent_covered_display": "94", "missing_lines": 3, "excluded_lines": 0}, "missing_lines": [169, 220, 240], "excluded_lines": []}}}, "src/harmonic_analysis/chord_parser.py": {"executed_lines": [1, 13, 14, 15, 18, 19, 20, 23, 48, 49, 50, 52, 53, 54, 55, 56, 59, 60, 61, 63, 64, 65, 66, 67, 68, 69, 70, 71, 72, 73, 74, 77, 78, 80, 82, 134, 144, 145, 148, 149, 151, 154, 156, 159, 160, 163, 164, 167, 176, 177, 178, 181, 190, 191, 192, 197, 206, 224, 225, 227, 239, 244, 245, 248, 249, 250, 251, 252, 255, 256, 257, 258, 259, 264, 271, 277, 279, 289, 290, 293, 296, 303, 306, 315, 319, 320, 323, 324, 327, 329, 330, 331, 332, 333, 335, 336, 338, 340, 345, 346, 347, 348, 350, 352, 353, 354, 358, 363, 371, 372, 377, 378, 383, 384, 385, 389, 394, 395, 396, 400, 405, 406, 410, 416, 421, 422, 423, 426, 432, 433, 434, 437, 443, 444, 445, 446, 450, 456, 457, 458, 463, 465, 475, 476, 478, 481, 482, 483, 485, 488, 491, 492, 496, 499, 502, 503, 504, 505, 506, 507, 510, 512, 521, 524, 527, 528, 529, 530, 531, 532, 533, 534, 535, 536, 537, 538, 539, 540, 541, 542, 543, 544, 545, 546, 547, 548, 549, 550, 551, 552, 554, 556, 559, 562, 563, 564, 566, 568, 569, 570, 571, 573, 575, 586, 589, 590, 591, 594, 595, 596, 599, 600, 625, 644, 647, 658, 666, 668, 669, 672, 674, 675], "summary": {"covered_lines": 218, "num_statements": 235, "percent_covered": 92.76595744680851, "percent_covered_display": "93", "missing_lines": 17, "excluded_lines": 0}, "missing_lines": [265, 266, 267, 268, 272, 273, 274, 275, 316, 364, 365, 369, 493, 565, 567, 587, 626], "excluded_lines": [], "functions": {"ChordParser.__init__": {"executed_lines": [82], "summary": {"covered_lines": 1, "num_statements": 1, "percent_covered": 100.0, "percent_covered_display": "100", "missing_lines": 0, "excluded_lines": 0}, "missing_lines": [], "excluded_lines": []}, "ChordParser.find_chord_matches": {"executed_lines": [144, 145, 148, 149, 151, 154, 156, 159, 160, 163, 164, 167, 176, 177, 178, 181, 190, 191, 192, 197, 206, 224, 225], "summary": {"covered_lines": 23, "num_statements": 23, "percent_covered": 100.0, "percent_covered_display": "100", "missing_lines": 0, "excluded_lines": 0}, "missing_lines": [], "excluded_lines": []}, "ChordParser._check_pattern_match": {"executed_lines": [239, 244, 245, 248, 249, 250, 251, 252, 255, 256, 257, 258, 259, 264, 271, 277], "summary": {"covered_lines": 16, "num_statements": 24, "percent_covered": 66.66666666666667, "percent_covered_display": "67", "missing_lines": 8, "excluded_lines": 0}, "missing_lines": [265, 266, 267, 268, 272, 273, 274, 275], "excluded_lines": []}, "ChordParser._calculate_confidence": {"executed_lines": [289, 290, 293, 296, 303, 306, 315, 319, 320, 323, 324, 327, 329, 330, 331, 332, 333, 335, 336, 338], "summary": {"covered_lines": 20, "num_statements": 21, "percent_covered": 95.23809523809524, "percent_covered_display": "95", "missing_lines": 1, "excluded_lines": 0}, "missing_lines": [316], "excluded_lines": []}, "ChordParser._get_chord_info": {"executed_lines": [345, 346, 347, 348, 350, 352, 353, 354, 358, 363, 371, 372, 377, 378, 383, 384, 385, 389, 394, 395, 396, 400, 405, 406, 410, 416, 421, 422, 423, 426, 432, 433, 434, 437, 443, 444, 445, 446, 450, 456, 457, 458, 463], "summary": {"covered_lines": 43, "num_statements": 46, "percent_covered": 93.47826086956522, "percent_covered_display": "93", "missing_lines": 3, "excluded_lines": 0}, "missing_lines": [364, 365, 369], "excluded_lines": []}, "ChordParser.parse_chord_symbol": {"executed_lines": [475, 476, 478, 481, 482, 483, 485, 488, 491, 492, 496, 499, 502, 503, 504, 505, 506, 507, 510, 512], "summary": {"covered_lines": 20, "num_statements": 21, "percent_covered": 95.23809523809524, "percent_covered_display": "95", "missing_lines": 1, "excluded_lines": 0}, "missing_lines": [493], "excluded_lines": []}, "ChordParser._parse_chord_quality": {"executed_lines": [524, 527, 528, 529, 530, 531, 532, 533, 534, 535, 536, 537, 538, 539, 540, 541, 542, 543, 544, 545, 546, 547, 548, 549, 550, 551, 552, 554], "summary": {"covered_lines": 28, "num_statements": 28, "percent_covered": 100.0, "percent_covered_display": "100", "missing_lines": 0, "excluded_lines": 0}, "missing_lines": [], "excluded_lines": []}, "ChordParser._parse_extensions": {"executed_lines": [559, 562, 563, 564, 566, 568, 569, 570, 571, 573], "summary": {"covered_lines": 10, "num_statements": 12, "percent_covered": 83.33333333333333, "percent_covered_display": "83", "missing_lines": 2, "excluded_lines": 0}, "missing_lines": [565, 567], "excluded_lines": []}, "ChordParser.detect_partial_sus_chords": {"executed_lines": [586, 589, 590, 591, 594, 595, 596, 599, 600, 625, 644], "summary": {"covered_lines": 11, "num_statements": 13, "percent_covered": 84.61538461538461, "percent_covered_display": "85", "missing_lines": 2, "excluded_lines": 0}, "missing_lines": [587, 626], "excluded_lines": []}, "parse_chord_progression": {"executed_lines": [658], "summary": {"covered_lines": 1, "num_statements": 1, "percent_covered": 100.0, "percent_covered_display": "100", "missing_lines": 0, "excluded_lines": 0}, "missing_lines": [], "excluded_lines": []}, "find_chords_from_midi": {"executed_lines": [668, 669], "summary": {"covered_lines": 2, "num_statements": 2, "percent_covered": 100.0, "percent_covered_display": "100", "missing_lines": 0, "excluded_lines": 0}, "missing_lines": [], "excluded_lines": []}, "parse_chord": {"executed_lines": [674, 675], "summary": {"covered_lines": 2, "num_statements": 2, "percent_covered": 100.0, "percent_covered_display": "100", "missing_lines": 0, "excluded_lines": 0}, "missing_lines": [], "excluded_lines": []}, "": {"executed_lines": [1, 13, 14, 15, 18, 19, 20, 23, 48, 49, 50, 52, 53, 54, 55, 56, 59, 60, 61, 63, 64, 65, 66, 67, 68, 69, 70, 71, 72, 73, 74, 77, 78, 80, 134, 227, 279, 340, 465, 521, 556, 575, 647, 666, 672], "summary": {"covered_lines": 41, "num_statements": 41, "percent_covered": 100.0, "percent_covered_display": "100", "missing_lines": 0, "excluded_lines": 0}, "missing_lines": [], "excluded_lines": []}}, "classes": {"ChordTemplate": {"executed_lines": [], "summary": {"covered_lines": 0, "num_statements": 0, "percent_covered": 100.0, "percent_covered_display": "100", "missing_lines": 0, "excluded_lines": 0}, "missing_lines": [], "excluded_lines": []}, "ChordMatch": {"executed_lines": [], "summary": {"covered_lines": 0, "num_statements": 0, "percent_covered": 100.0, "percent_covered_display": "100", "missing_lines": 0, "excluded_lines": 0}, "missing_lines": [], "excluded_lines": []}, "ChordParser": {"executed_lines": [82, 144, 145, 148, 149, 151, 154, 156, 159, 160, 163, 164, 167, 176, 177, 178, 181, 190, 191, 192, 197, 206, 224, 225, 239, 244, 245, 248, 249, 250, 251, 252, 255, 256, 257, 258, 259, 264, 271, 277, 289, 290, 293, 296, 303, 306, 315, 319, 320, 323, 324, 327, 329, 330, 331, 332, 333, 335, 336, 338, 345, 346, 347, 348, 350, 352, 353, 354, 358, 363, 371, 372, 377, 378, 383, 384, 385, 389, 394, 395, 396, 400, 405, 406, 410, 416, 421, 422, 423, 426, 432, 433, 434, 437, 443, 444, 445, 446, 450, 456, 457, 458, 463, 475, 476, 478, 481, 482, 483, 485, 488, 491, 492, 496, 499, 502, 503, 504, 505, 506, 507, 510, 512, 524, 527, 528, 529, 530, 531, 532, 533, 534, 535, 536, 537, 538, 539, 540, 541, 542, 543, 544, 545, 546, 547, 548, 549, 550, 551, 552, 554, 559, 562, 563, 564, 566, 568, 569, 570, 571, 573, 586, 589, 590, 591, 594, 595, 596, 599, 600, 625, 644], "summary": {"covered_lines": 172, "num_statements": 189, "percent_covered": 91.005291005291, "percent_covered_display": "91", "missing_lines": 17, "excluded_lines": 0}, "missing_lines": [265, 266, 267, 268, 272, 273, 274, 275, 316, 364, 365, 369, 493, 565, 567, 587, 626], "excluded_lines": []}, "": {"executed_lines": [1, 13, 14, 15, 18, 19, 20, 23, 48, 49, 50, 52, 53, 54, 55, 56, 59, 60, 61, 63, 64, 65, 66, 67, 68, 69, 70, 71, 72, 73, 74, 77, 78, 80, 134, 227, 279, 340, 465, 521, 556, 575, 647, 658, 666, 668, 669, 672, 674, 675], "summary": {"covered_lines": 46, "num_statements": 46, "percent_covered": 100.0, "percent_covered_display": "100", "missing_lines": 0, "excluded_lines": 0}, "missing_lines": [], "excluded_lines": []}}}, "src/harmonic_analysis/chromatic_analysis.py": {"executed_lines": [1, 11, 12, 13, 15, 18, 19, 21, 22, 23, 26, 27, 28, 30, 31, 32, 33, 36, 37, 38, 40, 41, 42, 43, 46, 47, 48, 50, 51, 52, 55, 56, 57, 59, 60, 61, 62, 65, 66, 67, 69, 70, 71, 72, 75, 76, 84, 96, 98, 99, 101, 102, 103, 104, 107, 108, 109, 123, 124, 137, 138, 143, 152, 153, 161, 168, 180, 183, 184, 185, 188, 189, 196, 198, 210, 213, 216, 217, 225, 226, 230, 231, 233, 236, 238, 250, 253, 256, 259, 262, 264, 266, 279, 280, 283, 287, 288, 290, 292, 304, 307, 308, 309, 322, 323, 326, 327, 328, 337, 338, 341, 354, 355, 360, 364, 376, 377], "summary": {"covered_lines": 109, "num_statements": 114, "percent_covered": 95.6140350877193, "percent_covered_display": "96", "missing_lines": 5, "excluded_lines": 0}, "missing_lines": [234, 284, 342, 350, 351], "excluded_lines": [], "functions": {"ChromaticAnalyzer.analyze_chromatic_elements": {"executed_lines": [96, 98, 99, 101, 102, 103, 104, 107, 108, 109, 123, 124, 137, 138, 143, 152, 153, 161], "summary": {"covered_lines": 18, "num_statements": 18, "percent_covered": 100.0, "percent_covered_display": "100", "missing_lines": 0, "excluded_lines": 0}, "missing_lines": [], "excluded_lines": []}, "ChromaticAnalyzer.analyze_secondary_dominant_chains": {"executed_lines": [180, 183, 184, 185, 188, 189, 196], "summary": {"covered_lines": 7, "num_statements": 7, "percent_covered": 100.0, "percent_covered_display": "100", "missing_lines": 0, "excluded_lines": 0}, "missing_lines": [], "excluded_lines": []}, "ChromaticAnalyzer.analyze_borrowed_chord_patterns": {"executed_lines": [210, 213, 216, 217, 225, 226, 230, 231, 233, 236], "summary": {"covered_lines": 10, "num_statements": 11, "percent_covered": 90.9090909090909, "percent_covered_display": "91", "missing_lines": 1, "excluded_lines": 0}, "missing_lines": [234], "excluded_lines": []}, "ChromaticAnalyzer.get_chromatic_complexity_score": {"executed_lines": [250, 253, 256, 259, 262, 264], "summary": {"covered_lines": 6, "num_statements": 6, "percent_covered": 100.0, "percent_covered_display": "100", "missing_lines": 0, "excluded_lines": 0}, "missing_lines": [], "excluded_lines": []}, "ChromaticAnalyzer.should_lead_with_chromatic_analysis": {"executed_lines": [279, 280, 283, 287, 288, 290], "summary": {"covered_lines": 6, "num_statements": 7, "percent_covered": 85.71428571428571, "percent_covered_display": "86", "missing_lines": 1, "excluded_lines": 0}, "missing_lines": [284], "excluded_lines": []}, "ChromaticAnalyzer.generate_chromatic_explanation": {"executed_lines": [304, 307, 308, 309, 322, 323, 326, 327, 328, 337, 338, 341, 354, 355, 360], "summary": {"covered_lines": 15, "num_statements": 18, "percent_covered": 83.33333333333333, "percent_covered_display": "83", "missing_lines": 3, "excluded_lines": 0}, "missing_lines": [342, 350, 351], "excluded_lines": []}, "analyze_chromatic_harmony": {"executed_lines": [376, 377], "summary": {"covered_lines": 2, "num_statements": 2, "percent_covered": 100.0, "percent_covered_display": "100", "missing_lines": 0, "excluded_lines": 0}, "missing_lines": [], "excluded_lines": []}, "": {"executed_lines": [1, 11, 12, 13, 15, 18, 19, 21, 22, 23, 26, 27, 28, 30, 31, 32, 33, 36, 37, 38, 40, 41, 42, 43, 46, 47, 48, 50, 51, 52, 55, 56, 57, 59, 60, 61, 62, 65, 66, 67, 69, 70, 71, 72, 75, 76, 84, 168, 198, 238, 266, 292, 364], "summary": {"covered_lines": 45, "num_statements": 45, "percent_covered": 100.0, "percent_covered_display": "100", "missing_lines": 0, "excluded_lines": 0}, "missing_lines": [], "excluded_lines": []}}, "classes": {"ResolutionType": {"executed_lines": [], "summary": {"covered_lines": 0, "num_statements": 0, "percent_covered": 100.0, "percent_covered_display": "100", "missing_lines": 0, "excluded_lines": 0}, "missing_lines": [], "excluded_lines": []}, "SecondaryDominant": {"executed_lines": [], "summary": {"covered_lines": 0, "num_statements": 0, "percent_covered": 100.0, "percent_covered_display": "100", "missing_lines": 0, "excluded_lines": 0}, "missing_lines": [], "excluded_lines": []}, "BorrowedChord": {"executed_lines": [], "summary": {"covered_lines": 0, "num_statements": 0, "percent_covered": 100.0, "percent_covered_display": "100", "missing_lines": 0, "excluded_lines": 0}, "missing_lines": [], "excluded_lines": []}, "ChromaticMediant": {"executed_lines": [], "summary": {"covered_lines": 0, "num_statements": 0, "percent_covered": 100.0, "percent_covered_display": "100", "missing_lines": 0, "excluded_lines": 0}, "missing_lines": [], "excluded_lines": []}, "ResolutionPattern": {"executed_lines": [], "summary": {"covered_lines": 0, "num_statements": 0, "percent_covered": 100.0, "percent_covered_display": "100", "missing_lines": 0, "excluded_lines": 0}, "missing_lines": [], "excluded_lines": []}, "ChromaticAnalysisResult": {"executed_lines": [], "summary": {"covered_lines": 0, "num_statements": 0, "percent_covered": 100.0, "percent_covered_display": "100", "missing_lines": 0, "excluded_lines": 0}, "missing_lines": [], "excluded_lines": []}, "ChromaticAnalyzer": {"executed_lines": [96, 98, 99, 101, 102, 103, 104, 107, 108, 109, 123, 124, 137, 138, 143, 152, 153, 161, 180, 183, 184, 185, 188, 189, 196, 210, 213, 216, 217, 225, 226, 230, 231, 233, 236, 250, 253, 256, 259, 262, 264, 279, 280, 283, 287, 288, 290, 304, 307, 308, 309, 322, 323, 326, 327, 328, 337, 338, 341, 354, 355, 360], "summary": {"covered_lines": 62, "num_statements": 67, "percent_covered": 92.53731343283582, "percent_covered_display": "93", "missing_lines": 5, "excluded_lines": 0}, "missing_lines": [234, 284, 342, 350, 351], "excluded_lines": []}, "": {"executed_lines": [1, 11, 12, 13, 15, 18, 19, 21, 22, 23, 26, 27, 28, 30, 31, 32, 33, 36, 37, 38, 40, 41, 42, 43, 46, 47, 48, 50, 51, 52, 55, 56, 57, 59, 60, 61, 62, 65, 66, 67, 69, 70, 71, 72, 75, 76, 84, 168, 198, 238, 266, 292, 364, 376, 377], "summary": {"covered_lines": 47, "num_statements": 47, "percent_covered": 100.0, "percent_covered_display": "100", "missing_lines": 0, "excluded_lines": 0}, "missing_lines": [], "excluded_lines": []}}}, "src/harmonic_analysis/comprehensive_analysis.py": {"executed_lines": [1, 5, 6, 8, 9, 11, 12, 16, 17, 18, 20, 21, 22, 23, 24, 27, 28, 29, 31, 32, 33, 34, 37, 38, 39, 42, 45, 46, 49, 50, 51, 52, 55, 58, 59, 61, 62, 63, 65, 78, 79, 81, 84, 89, 94, 97, 102, 106, 110, 114, 129, 142, 145, 148, 152, 159, 166, 168, 171, 200, 217, 225, 228, 233, 234, 238, 249, 253, 254, 272, 276, 279, 284, 285, 287, 309, 315, 318, 320, 336, 348, 352, 356, 361, 362, 376, 401, 405, 406, 408, 409, 410, 411, 413, 414, 442, 443, 456, 463, 472, 476, 484, 486, 492, 495, 496, 497, 499, 501, 510, 511, 513, 514, 518, 543, 545, 552, 553, 574, 576], "summary": {"covered_lines": 115, "num_statements": 167, "percent_covered": 68.8622754491018, "percent_covered_display": "69", "missing_lines": 52, "excluded_lines": 0}, "missing_lines": [143, 156, 157, 257, 260, 264, 277, 291, 292, 294, 295, 296, 298, 299, 300, 301, 302, 303, 304, 305, 307, 340, 343, 368, 369, 374, 380, 381, 385, 386, 390, 391, 396, 415, 428, 429, 473, 481, 519, 524, 525, 530, 531, 533, 534, 537, 541, 557, 558, 563, 564, 569], "excluded_lines": [], "functions": {"ComprehensiveAnalysisEngine.__init__": {"executed_lines": [62, 63], "summary": {"covered_lines": 2, "num_statements": 2, "percent_covered": 100.0, "percent_covered_display": "100", "missing_lines": 0, "excluded_lines": 0}, "missing_lines": [], "excluded_lines": []}, "ComprehensiveAnalysisEngine.analyze_comprehensively": {"executed_lines": [78, 79, 81, 84, 89, 94, 97, 102, 106, 110, 114], "summary": {"covered_lines": 11, "num_statements": 11, "percent_covered": 100.0, "percent_covered_display": "100", "missing_lines": 0, "excluded_lines": 0}, "missing_lines": [], "excluded_lines": []}, "ComprehensiveAnalysisEngine.analyze_with_multiple_interpretations": {"executed_lines": [142, 145, 148, 152], "summary": {"covered_lines": 4, "num_statements": 7, "percent_covered": 57.142857142857146, "percent_covered_display": "57", "missing_lines": 3, "excluded_lines": 0}, "missing_lines": [143, 156, 157], "excluded_lines": []}, "ComprehensiveAnalysisEngine._convert_to_multiple_interpretation_format": {"executed_lines": [166, 168, 171, 200], "summary": {"covered_lines": 4, "num_statements": 4, "percent_covered": 100.0, "percent_covered_display": "100", "missing_lines": 0, "excluded_lines": 0}, "missing_lines": [], "excluded_lines": []}, "ComprehensiveAnalysisEngine._evaluate_modal_enhancement": {"executed_lines": [225, 228, 233, 234, 238, 249, 253, 254], "summary": {"covered_lines": 8, "num_statements": 11, "percent_covered": 72.72727272727273, "percent_covered_display": "73", "missing_lines": 3, "excluded_lines": 0}, "missing_lines": [257, 260, 264], "excluded_lines": []}, "ComprehensiveAnalysisEngine._detect_modal_characteristics": {"executed_lines": [276, 279, 284, 285], "summary": {"covered_lines": 4, "num_statements": 5, "percent_covered": 80.0, "percent_covered_display": "80", "missing_lines": 1, "excluded_lines": 0}, "missing_lines": [277], "excluded_lines": []}, "ComprehensiveAnalysisEngine._identify_modal_characteristics": {"executed_lines": [], "summary": {"covered_lines": 0, "num_statements": 14, "percent_covered": 0.0, "percent_covered_display": "0", "missing_lines": 14, "excluded_lines": 0}, "missing_lines": [291, 292, 294, 295, 296, 298, 299, 300, 301, 302, 303, 304, 305, 307], "excluded_lines": []}, "ComprehensiveAnalysisEngine._compare_enhanced_analytical_approaches": {"executed_lines": [315, 318, 320], "summary": {"covered_lines": 3, "num_statements": 3, "percent_covered": 100.0, "percent_covered_display": "100", "missing_lines": 0, "excluded_lines": 0}, "missing_lines": [], "excluded_lines": []}, "ComprehensiveAnalysisEngine._compare_analytical_approaches": {"executed_lines": [], "summary": {"covered_lines": 0, "num_statements": 2, "percent_covered": 0.0, "percent_covered_display": "0", "missing_lines": 2, "excluded_lines": 0}, "missing_lines": [340, 343], "excluded_lines": []}, "ComprehensiveAnalysisEngine._explain_when_to_use_enhanced_modal": {"executed_lines": [352, 356, 361, 362], "summary": {"covered_lines": 4, "num_statements": 7, "percent_covered": 57.142857142857146, "percent_covered_display": "57", "missing_lines": 3, "excluded_lines": 0}, "missing_lines": [368, 369, 374], "excluded_lines": []}, "ComprehensiveAnalysisEngine._explain_when_to_use_modal": {"executed_lines": [], "summary": {"covered_lines": 0, "num_statements": 7, "percent_covered": 0.0, "percent_covered_display": "0", "missing_lines": 7, "excluded_lines": 0}, "missing_lines": [380, 381, 385, 386, 390, 391, 396], "excluded_lines": []}, "ComprehensiveAnalysisEngine._analyze_chromatic_elements": {"executed_lines": [405, 406, 408, 409, 410, 411, 413, 414, 442, 443, 456], "summary": {"covered_lines": 11, "num_statements": 14, "percent_covered": 78.57142857142857, "percent_covered_display": "79", "missing_lines": 3, "excluded_lines": 0}, "missing_lines": [415, 428, 429], "excluded_lines": []}, "ComprehensiveAnalysisEngine._determine_primary_approach": {"executed_lines": [472, 476, 484], "summary": {"covered_lines": 3, "num_statements": 5, "percent_covered": 60.0, "percent_covered_display": "60", "missing_lines": 2, "excluded_lines": 0}, "missing_lines": [473, 481], "excluded_lines": []}, "ComprehensiveAnalysisEngine._calculate_overall_confidence": {"executed_lines": [492, 495, 496, 497, 499], "summary": {"covered_lines": 5, "num_statements": 5, "percent_covered": 100.0, "percent_covered_display": "100", "missing_lines": 0, "excluded_lines": 0}, "missing_lines": [], "excluded_lines": []}, "ComprehensiveAnalysisEngine._create_comprehensive_explanation": {"executed_lines": [510, 511, 513, 514, 518, 543], "summary": {"covered_lines": 6, "num_statements": 15, "percent_covered": 40.0, "percent_covered_display": "40", "missing_lines": 9, "excluded_lines": 0}, "missing_lines": [519, 524, 525, 530, 531, 533, 534, 537, 541], "excluded_lines": []}, "ComprehensiveAnalysisEngine._create_pedagogical_explanation": {"executed_lines": [552, 553], "summary": {"covered_lines": 2, "num_statements": 7, "percent_covered": 28.571428571428573, "percent_covered_display": "29", "missing_lines": 5, "excluded_lines": 0}, "missing_lines": [557, 558, 563, 564, 569], "excluded_lines": []}, "ComprehensiveAnalysisEngine._parse_chord_progression": {"executed_lines": [576], "summary": {"covered_lines": 1, "num_statements": 1, "percent_covered": 100.0, "percent_covered_display": "100", "missing_lines": 0, "excluded_lines": 0}, "missing_lines": [], "excluded_lines": []}, "": {"executed_lines": [1, 5, 6, 8, 9, 11, 12, 16, 17, 18, 20, 21, 22, 23, 24, 27, 28, 29, 31, 32, 33, 34, 37, 38, 39, 42, 45, 46, 49, 50, 51, 52, 55, 58, 59, 61, 65, 129, 159, 217, 272, 287, 309, 336, 348, 376, 401, 463, 486, 501, 545, 574], "summary": {"covered_lines": 47, "num_statements": 47, "percent_covered": 100.0, "percent_covered_display": "100", "missing_lines": 0, "excluded_lines": 0}, "missing_lines": [], "excluded_lines": []}}, "classes": {"ModalEnhancementResult": {"executed_lines": [], "summary": {"covered_lines": 0, "num_statements": 0, "percent_covered": 100.0, "percent_covered_display": "100", "missing_lines": 0, "excluded_lines": 0}, "missing_lines": [], "excluded_lines": []}, "ChromaticAnalysisResult": {"executed_lines": [], "summary": {"covered_lines": 0, "num_statements": 0, "percent_covered": 100.0, "percent_covered_display": "100", "missing_lines": 0, "excluded_lines": 0}, "missing_lines": [], "excluded_lines": []}, "ComprehensiveAnalysisResult": {"executed_lines": [], "summary": {"covered_lines": 0, "num_statements": 0, "percent_covered": 100.0, "percent_covered_display": "100", "missing_lines": 0, "excluded_lines": 0}, "missing_lines": [], "excluded_lines": []}, "ComprehensiveAnalysisEngine": {"executed_lines": [62, 63, 78, 79, 81, 84, 89, 94, 97, 102, 106, 110, 114, 142, 145, 148, 152, 166, 168, 171, 200, 225, 228, 233, 234, 238, 249, 253, 254, 276, 279, 284, 285, 315, 318, 320, 352, 356, 361, 362, 405, 406, 408, 409, 410, 411, 413, 414, 442, 443, 456, 472, 476, 484, 492, 495, 496, 497, 499, 510, 511, 513, 514, 518, 543, 552, 553, 576], "summary": {"covered_lines": 68, "num_statements": 120, "percent_covered": 56.666666666666664, "percent_covered_display": "57", "missing_lines": 52, "excluded_lines": 0}, "missing_lines": [143, 156, 157, 257, 260, 264, 277, 291, 292, 294, 295, 296, 298, 299, 300, 301, 302, 303, 304, 305, 307, 340, 343, 368, 369, 374, 380, 381, 385, 386, 390, 391, 396, 415, 428, 429, 473, 481, 519, 524, 525, 530, 531, 533, 534, 537, 541, 557, 558, 563, 564, 569], "excluded_lines": []}, "": {"executed_lines": [1, 5, 6, 8, 9, 11, 12, 16, 17, 18, 20, 21, 22, 23, 24, 27, 28, 29, 31, 32, 33, 34, 37, 38, 39, 42, 45, 46, 49, 50, 51, 52, 55, 58, 59, 61, 65, 129, 159, 217, 272, 287, 309, 336, 348, 376, 401, 463, 486, 501, 545, 574], "summary": {"covered_lines": 47, "num_statements": 47, "percent_covered": 100.0, "percent_covered_display": "100", "missing_lines": 0, "excluded_lines": 0}, "missing_lines": [], "excluded_lines": []}}}, "src/harmonic_analysis/enhanced_modal_analyzer.py": {"executed_lines": [1, 13, 14, 15, 16, 19, 20, 21, 22, 23, 26, 27, 28, 31, 32, 33, 35, 36, 37, 40, 41, 42, 44, 45, 46, 47, 50, 51, 52, 54, 55, 56, 57, 60, 61, 62, 64, 65, 66, 67, 68, 69, 70, 73, 74, 77, 97, 99, 114, 159, 173, 174, 177, 178, 181, 182, 185, 186, 190, 191, 193, 194, 197, 198, 199, 200, 201, 202, 203, 204, 207, 208, 211, 214, 215, 216, 222, 223, 225, 229, 236, 237, 238, 239, 242, 245, 246, 248, 252, 255, 256, 258, 259, 262, 263, 266, 267, 270, 273, 276, 277, 285, 286, 287, 288, 290, 292, 300, 301, 305, 311, 314, 319, 324, 329, 333, 334, 336, 337, 340, 342, 346, 348, 352, 362, 366, 369, 384, 385, 389, 390, 391, 392, 393, 394, 403, 405, 406, 408, 409, 410, 413, 414, 416, 417, 418, 419, 421, 426, 430, 438, 441, 442, 454, 455, 456, 458, 459, 469, 470, 479, 480, 488, 489, 498, 499, 512, 513, 514, 537, 538, 539, 547, 549, 553, 555, 556, 557, 560, 563, 564, 565, 566, 567, 570, 574, 578, 582, 585, 594, 604, 609, 620, 625, 627, 629, 630, 633, 634, 637, 638, 641, 642, 644, 646, 648, 651, 659, 669, 670, 673, 674, 675, 677, 679, 681, 684, 687, 690, 702, 707, 716, 717, 720, 721, 722, 725, 728, 729, 730, 731, 736, 737, 740, 741, 743, 748, 749, 750, 751, 754, 755, 758, 759, 762, 763, 764, 765, 766, 771, 772, 773, 774, 775, 776, 778, 780, 792, 793, 796, 797, 798, 805, 808, 809, 812, 813, 818, 821, 824, 827, 828, 830, 833, 834, 837, 840, 841, 842, 843, 844, 845, 848, 849, 852, 855, 858, 860, 861, 862, 863, 866, 869, 873, 876, 879, 880, 883, 885, 889, 893, 897, 901, 904, 905, 906, 912, 922, 923, 925, 933, 934, 944, 945, 947, 950, 952, 954, 956, 957, 959, 960, 963, 964, 965, 967, 968, 970, 972, 974, 975, 979, 980, 981, 983, 984, 987, 990, 991, 992, 993, 994, 995, 996, 997, 998, 999, 1000, 1001, 1002, 1003, 1004, 1005, 1007, 1008, 1011, 1015, 1018, 1020, 1022, 1023, 1027, 1040, 1041], "summary": {"covered_lines": 358, "num_statements": 388, "percent_covered": 92.26804123711341, "percent_covered_display": "92", "missing_lines": 30, "excluded_lines": 0}, "missing_lines": [226, 302, 386, 395, 396, 397, 398, 401, 424, 558, 571, 572, 575, 576, 767, 768, 806, 831, 867, 870, 874, 877, 886, 890, 894, 898, 941, 946, 976, 1009], "excluded_lines": [], "functions": {"EnhancedModalAnalyzer.__init__": {"executed_lines": [99, 114], "summary": {"covered_lines": 2, "num_statements": 2, "percent_covered": 100.0, "percent_covered_display": "100", "missing_lines": 0, "excluded_lines": 0}, "missing_lines": [], "excluded_lines": []}, "EnhancedModalAnalyzer.analyze_modal_characteristics": {"executed_lines": [173, 174, 177, 178, 181, 182, 185, 186, 190, 191, 193, 194, 197, 198, 199, 200, 201, 202, 203, 204, 207, 208, 211, 214, 215, 216, 222, 223, 225, 229, 236, 237, 238, 239, 242, 245, 246], "summary": {"covered_lines": 37, "num_statements": 38, "percent_covered": 97.36842105263158, "percent_covered_display": "97", "missing_lines": 1, "excluded_lines": 0}, "missing_lines": [226], "excluded_lines": []}, "EnhancedModalAnalyzer._detect_tonic_candidates": {"executed_lines": [252, 255, 256, 258, 259, 262, 263, 266, 267, 270, 273, 276, 277, 285, 286, 287, 288, 290], "summary": {"covered_lines": 18, "num_statements": 18, "percent_covered": 100.0, "percent_covered_display": "100", "missing_lines": 0, "excluded_lines": 0}, "missing_lines": [], "excluded_lines": []}, "EnhancedModalAnalyzer._analyze_with_tonic": {"executed_lines": [300, 301, 305, 311, 314, 319, 324, 329, 333, 334, 336, 337, 340, 342, 346, 348, 352], "summary": {"covered_lines": 17, "num_statements": 18, "percent_covered": 94.44444444444444, "percent_covered_display": "94", "missing_lines": 1, "excluded_lines": 0}, "missing_lines": [302], "excluded_lines": []}, "EnhancedModalAnalyzer._generate_modal_roman_numeral": {"executed_lines": [366, 369, 384, 385, 389, 390, 391, 392, 393, 394], "summary": {"covered_lines": 10, "num_statements": 16, "percent_covered": 62.5, "percent_covered_display": "62", "missing_lines": 6, "excluded_lines": 0}, "missing_lines": [386, 395, 396, 397, 398, 401], "excluded_lines": []}, "EnhancedModalAnalyzer._detect_modal_patterns": {"executed_lines": [405, 406, 408, 409, 410, 413, 414, 416, 417, 418, 419, 421, 426], "summary": {"covered_lines": 13, "num_statements": 14, "percent_covered": 92.85714285714286, "percent_covered_display": "93", "missing_lines": 1, "excluded_lines": 0}, "missing_lines": [424], "excluded_lines": []}, "EnhancedModalAnalyzer._collect_evidence": {"executed_lines": [438, 441, 442, 454, 455, 456, 458, 459, 469, 470, 479, 480, 488, 489, 498, 499, 512, 513, 514, 537, 538, 539, 547], "summary": {"covered_lines": 23, "num_statements": 23, "percent_covered": 100.0, "percent_covered_display": "100", "missing_lines": 0, "excluded_lines": 0}, "missing_lines": [], "excluded_lines": []}, "EnhancedModalAnalyzer._generate_functional_roman_numerals": {"executed_lines": [553, 555, 556, 557, 560, 563, 564, 565, 566, 567, 570, 574], "summary": {"covered_lines": 12, "num_statements": 17, "percent_covered": 70.58823529411765, "percent_covered_display": "71", "missing_lines": 5, "excluded_lines": 0}, "missing_lines": [558, 571, 572, 575, 576], "excluded_lines": []}, "EnhancedModalAnalyzer._generate_functional_roman_numeral": {"executed_lines": [582, 585, 594, 604, 609, 620, 625, 627, 629, 630, 633, 634, 637, 638, 641, 642, 644], "summary": {"covered_lines": 17, "num_statements": 17, "percent_covered": 100.0, "percent_covered_display": "100", "missing_lines": 0, "excluded_lines": 0}, "missing_lines": [], "excluded_lines": []}, "EnhancedModalAnalyzer._detect_functional_patterns": {"executed_lines": [648, 651, 659, 669, 670, 673, 674, 675, 677], "summary": {"covered_lines": 9, "num_statements": 9, "percent_covered": 100.0, "percent_covered_display": "100", "missing_lines": 0, "excluded_lines": 0}, "missing_lines": [], "excluded_lines": []}, "EnhancedModalAnalyzer._detect_foil_patterns": {"executed_lines": [681, 684, 687, 690, 702], "summary": {"covered_lines": 5, "num_statements": 5, "percent_covered": 100.0, "percent_covered_display": "100", "missing_lines": 0, "excluded_lines": 0}, "missing_lines": [], "excluded_lines": []}, "EnhancedModalAnalyzer._calculate_confidence": {"executed_lines": [716, 717, 720, 721, 722, 725, 728, 729, 730, 731, 736, 737, 740, 741, 743, 748, 749, 750, 751, 754, 755, 758, 759, 762, 763, 764, 765, 766, 771, 772, 773, 774, 775, 776, 778], "summary": {"covered_lines": 35, "num_statements": 37, "percent_covered": 94.5945945945946, "percent_covered_display": "95", "missing_lines": 2, "excluded_lines": 0}, "missing_lines": [767, 768], "excluded_lines": []}, "EnhancedModalAnalyzer._determine_mode_name": {"executed_lines": [792, 793, 796, 797, 798, 805, 808, 809, 812, 813, 818, 821, 824, 827, 828, 830, 833, 834, 837, 840, 841, 842, 843, 844, 845, 848, 849, 852, 855, 858, 860, 861, 862, 863, 866, 869, 873, 876, 879, 880, 883, 885, 889, 893, 897, 901, 904, 905, 906, 912, 922, 923, 925, 933, 934, 944, 945, 947, 950], "summary": {"covered_lines": 59, "num_statements": 71, "percent_covered": 83.09859154929578, "percent_covered_display": "83", "missing_lines": 12, "excluded_lines": 0}, "missing_lines": [806, 831, 867, 870, 874, 877, 886, 890, 894, 898, 941, 946], "excluded_lines": []}, "EnhancedModalAnalyzer._identify_modal_characteristics": {"executed_lines": [954, 956, 957, 959, 960, 963, 964, 965, 967, 968, 970], "summary": {"covered_lines": 11, "num_statements": 11, "percent_covered": 100.0, "percent_covered_display": "100", "missing_lines": 0, "excluded_lines": 0}, "missing_lines": [], "excluded_lines": []}, "EnhancedModalAnalyzer._parse_chord": {"executed_lines": [974, 975, 979, 980, 981, 983, 984, 987, 990, 991, 992, 993, 994, 995, 996, 997, 998, 999, 1000, 1001, 1002, 1003, 1004, 1005, 1007, 1008, 1011], "summary": {"covered_lines": 27, "num_statements": 29, "percent_covered": 93.10344827586206, "percent_covered_display": "93", "missing_lines": 2, "excluded_lines": 0}, "missing_lines": [976, 1009], "excluded_lines": []}, "EnhancedModalAnalyzer._infer_parent_key": {"executed_lines": [1018], "summary": {"covered_lines": 1, "num_statements": 1, "percent_covered": 100.0, "percent_covered_display": "100", "missing_lines": 0, "excluded_lines": 0}, "missing_lines": [], "excluded_lines": []}, "EnhancedModalAnalyzer._extract_key_root": {"executed_lines": [1022, 1023], "summary": {"covered_lines": 2, "num_statements": 2, "percent_covered": 100.0, "percent_covered_display": "100", "missing_lines": 0, "excluded_lines": 0}, "missing_lines": [], "excluded_lines": []}, "analyze_modal_progression": {"executed_lines": [1040, 1041], "summary": {"covered_lines": 2, "num_statements": 2, "percent_covered": 100.0, "percent_covered_display": "100", "missing_lines": 0, "excluded_lines": 0}, "missing_lines": [], "excluded_lines": []}, "": {"executed_lines": [1, 13, 14, 15, 16, 19, 20, 21, 22, 23, 26, 27, 28, 31, 32, 33, 35, 36, 37, 40, 41, 42, 44, 45, 46, 47, 50, 51, 52, 54, 55, 56, 57, 60, 61, 62, 64, 65, 66, 67, 68, 69, 70, 73, 74, 77, 97, 159, 248, 292, 362, 403, 430, 549, 578, 646, 679, 707, 780, 952, 972, 1015, 1020, 1027], "summary": {"covered_lines": 58, "num_statements": 58, "percent_covered": 100.0, "percent_covered_display": "100", "missing_lines": 0, "excluded_lines": 0}, "missing_lines": [], "excluded_lines": []}}, "classes": {"EvidenceType": {"executed_lines": [], "summary": {"covered_lines": 0, "num_statements": 0, "percent_covered": 100.0, "percent_covered_display": "100", "missing_lines": 0, "excluded_lines": 0}, "missing_lines": [], "excluded_lines": []}, "PatternContext": {"executed_lines": [], "summary": {"covered_lines": 0, "num_statements": 0, "percent_covered": 100.0, "percent_covered_display": "100", "missing_lines": 0, "excluded_lines": 0}, "missing_lines": [], "excluded_lines": []}, "ModalEvidence": {"executed_lines": [], "summary": {"covered_lines": 0, "num_statements": 0, "percent_covered": 100.0, "percent_covered_display": "100", "missing_lines": 0, "excluded_lines": 0}, "missing_lines": [], "excluded_lines": []}, "ModalPattern": {"executed_lines": [], "summary": {"covered_lines": 0, "num_statements": 0, "percent_covered": 100.0, "percent_covered_display": "100", "missing_lines": 0, "excluded_lines": 0}, "missing_lines": [], "excluded_lines": []}, "ChordAnalysis": {"executed_lines": [], "summary": {"covered_lines": 0, "num_statements": 0, "percent_covered": 100.0, "percent_covered_display": "100", "missing_lines": 0, "excluded_lines": 0}, "missing_lines": [], "excluded_lines": []}, "ModalAnalysisResult": {"executed_lines": [], "summary": {"covered_lines": 0, "num_statements": 0, "percent_covered": 100.0, "percent_covered_display": "100", "missing_lines": 0, "excluded_lines": 0}, "missing_lines": [], "excluded_lines": []}, "EnhancedModalAnalyzer": {"executed_lines": [99, 114, 173, 174, 177, 178, 181, 182, 185, 186, 190, 191, 193, 194, 197, 198, 199, 200, 201, 202, 203, 204, 207, 208, 211, 214, 215, 216, 222, 223, 225, 229, 236, 237, 238, 239, 242, 245, 246, 252, 255, 256, 258, 259, 262, 263, 266, 267, 270, 273, 276, 277, 285, 286, 287, 288, 290, 300, 301, 305, 311, 314, 319, 324, 329, 333, 334, 336, 337, 340, 342, 346, 348, 352, 366, 369, 384, 385, 389, 390, 391, 392, 393, 394, 405, 406, 408, 409, 410, 413, 414, 416, 417, 418, 419, 421, 426, 438, 441, 442, 454, 455, 456, 458, 459, 469, 470, 479, 480, 488, 489, 498, 499, 512, 513, 514, 537, 538, 539, 547, 553, 555, 556, 557, 560, 563, 564, 565, 566, 567, 570, 574, 582, 585, 594, 604, 609, 620, 625, 627, 629, 630, 633, 634, 637, 638, 641, 642, 644, 648, 651, 659, 669, 670, 673, 674, 675, 677, 681, 684, 687, 690, 702, 716, 717, 720, 721, 722, 725, 728, 729, 730, 731, 736, 737, 740, 741, 743, 748, 749, 750, 751, 754, 755, 758, 759, 762, 763, 764, 765, 766, 771, 772, 773, 774, 775, 776, 778, 792, 793, 796, 797, 798, 805, 808, 809, 812, 813, 818, 821, 824, 827, 828, 830, 833, 834, 837, 840, 841, 842, 843, 844, 845, 848, 849, 852, 855, 858, 860, 861, 862, 863, 866, 869, 873, 876, 879, 880, 883, 885, 889, 893, 897, 901, 904, 905, 906, 912, 922, 923, 925, 933, 934, 944, 945, 947, 950, 954, 956, 957, 959, 960, 963, 964, 965, 967, 968, 970, 974, 975, 979, 980, 981, 983, 984, 987, 990, 991, 992, 993, 994, 995, 996, 997, 998, 999, 1000, 1001, 1002, 1003, 1004, 1005, 1007, 1008, 1011, 1018, 1022, 1023], "summary": {"covered_lines": 298, "num_statements": 328, "percent_covered": 90.85365853658537, "percent_covered_display": "91", "missing_lines": 30, "excluded_lines": 0}, "missing_lines": [226, 302, 386, 395, 396, 397, 398, 401, 424, 558, 571, 572, 575, 576, 767, 768, 806, 831, 867, 870, 874, 877, 886, 890, 894, 898, 941, 946, 976, 1009], "excluded_lines": []}, "": {"executed_lines": [1, 13, 14, 15, 16, 19, 20, 21, 22, 23, 26, 27, 28, 31, 32, 33, 35, 36, 37, 40, 41, 42, 44, 45, 46, 47, 50, 51, 52, 54, 55, 56, 57, 60, 61, 62, 64, 65, 66, 67, 68, 69, 70, 73, 74, 77, 97, 159, 248, 292, 362, 403, 430, 549, 578, 646, 679, 707, 780, 952, 972, 1015, 1020, 1027, 1040, 1041], "summary": {"covered_lines": 60, "num_statements": 60, "percent_covered": 100.0, "percent_covered_display": "100", "missing_lines": 0, "excluded_lines": 0}, "missing_lines": [], "excluded_lines": []}}}, "src/harmonic_analysis/formatting.py": {"executed_lines": [1, 8, 9, 10, 11, 14, 62, 79, 96, 118, 146, 186, 209, 233, 266, 268, 269, 271, 272, 273, 291, 294, 307, 340, 380, 456], "summary": {"covered_lines": 25, "num_statements": 176, "percent_covered": 14.204545454545455, "percent_covered_display": "14", "missing_lines": 151, "excluded_lines": 0}, "missing_lines": [25, 26, 29, 34, 35, 36, 37, 39, 42, 43, 46, 47, 50, 52, 53, 54, 55, 56, 57, 59, 73, 74, 76, 90, 91, 93, 106, 107, 108, 109, 110, 111, 112, 113, 115, 136, 138, 139, 140, 141, 143, 156, 157, 160, 161, 162, 163, 164, 165, 166, 167, 169, 171, 172, 173, 176, 177, 178, 179, 181, 183, 196, 197, 200, 201, 203, 204, 206, 220, 221, 224, 225, 227, 228, 230, 243, 245, 246, 247, 250, 253, 254, 255, 256, 258, 260, 262, 274, 276, 304, 317, 318, 320, 322, 323, 324, 326, 327, 328, 330, 334, 335, 337, 353, 356, 357, 360, 363, 366, 367, 368, 369, 372, 373, 374, 375, 377, 390, 392, 393, 396, 398, 399, 401, 403, 406, 409, 410, 411, 414, 415, 416, 421, 422, 425, 428, 430, 466, 467, 469, 470, 471, 473, 474, 475, 476, 477, 478, 479, 480, 482], "excluded_lines": [], "functions": {"clean_evidence_text": {"executed_lines": [], "summary": {"covered_lines": 0, "num_statements": 17, "percent_covered": 0.0, "percent_covered_display": "0", "missing_lines": 17, "excluded_lines": 0}, "missing_lines": [25, 26, 29, 34, 39, 42, 43, 46, 47, 50, 52, 53, 54, 55, 56, 57, 59], "excluded_lines": []}, "clean_evidence_text.replace_modal_evidence": {"executed_lines": [], "summary": {"covered_lines": 0, "num_statements": 3, "percent_covered": 0.0, "percent_covered_display": "0", "missing_lines": 3, "excluded_lines": 0}, "missing_lines": [35, 36, 37], "excluded_lines": []}, "format_chord_progression": {"executed_lines": [], "summary": {"covered_lines": 0, "num_statements": 3, "percent_covered": 0.0, "percent_covered_display": "0", "missing_lines": 3, "excluded_lines": 0}, "missing_lines": [73, 74, 76], "excluded_lines": []}, "format_roman_numerals": {"executed_lines": [], "summary": {"covered_lines": 0, "num_statements": 3, "percent_covered": 0.0, "percent_covered_display": "0", "missing_lines": 3, "excluded_lines": 0}, "missing_lines": [90, 91, 93], "excluded_lines": []}, "format_confidence_level": {"executed_lines": [], "summary": {"covered_lines": 0, "num_statements": 9, "percent_covered": 0.0, "percent_covered_display": "0", "missing_lines": 9, "excluded_lines": 0}, "missing_lines": [106, 107, 108, 109, 110, 111, 112, 113, 115], "excluded_lines": []}, "format_analysis_summary": {"executed_lines": [], "summary": {"covered_lines": 0, "num_statements": 6, "percent_covered": 0.0, "percent_covered_display": "0", "missing_lines": 6, "excluded_lines": 0}, "missing_lines": [136, 138, 139, 140, 141, 143], "excluded_lines": []}, "format_modal_characteristics": {"executed_lines": [], "summary": {"covered_lines": 0, "num_statements": 20, "percent_covered": 0.0, "percent_covered_display": "0", "missing_lines": 20, "excluded_lines": 0}, "missing_lines": [156, 157, 160, 161, 162, 163, 164, 165, 166, 167, 169, 171, 172, 173, 176, 177, 178, 179, 181, 183], "excluded_lines": []}, "format_scale_degrees": {"executed_lines": [], "summary": {"covered_lines": 0, "num_statements": 7, "percent_covered": 0.0, "percent_covered_display": "0", "missing_lines": 7, "excluded_lines": 0}, "missing_lines": [196, 197, 200, 201, 203, 204, 206], "excluded_lines": []}, "truncate_with_ellipsis": {"executed_lines": [], "summary": {"covered_lines": 0, "num_statements": 7, "percent_covered": 0.0, "percent_covered_display": "0", "missing_lines": 7, "excluded_lines": 0}, "missing_lines": [220, 221, 224, 225, 227, 228, 230], "excluded_lines": []}, "format_evidence_list": {"executed_lines": [], "summary": {"covered_lines": 0, "num_statements": 12, "percent_covered": 0.0, "percent_covered_display": "0", "missing_lines": 12, "excluded_lines": 0}, "missing_lines": [243, 245, 246, 247, 250, 253, 254, 255, 256, 258, 260, 262], "excluded_lines": []}, "_load_language_config": {"executed_lines": [268, 269, 271, 272, 273], "summary": {"covered_lines": 5, "num_statements": 7, "percent_covered": 71.42857142857143, "percent_covered_display": "71", "missing_lines": 2, "excluded_lines": 0}, "missing_lines": [274, 276], "excluded_lines": []}, "format_classification_description": {"executed_lines": [], "summary": {"covered_lines": 0, "num_statements": 1, "percent_covered": 0.0, "percent_covered_display": "0", "missing_lines": 1, "excluded_lines": 0}, "missing_lines": [304], "excluded_lines": []}, "generate_scale_degrees_from_notes": {"executed_lines": [], "summary": {"covered_lines": 0, "num_statements": 13, "percent_covered": 0.0, "percent_covered_display": "0", "missing_lines": 13, "excluded_lines": 0}, "missing_lines": [317, 318, 320, 322, 323, 324, 326, 327, 328, 330, 334, 335, 337], "excluded_lines": []}, "format_harmonic_implications": {"executed_lines": [], "summary": {"covered_lines": 0, "num_statements": 14, "percent_covered": 0.0, "percent_covered_display": "0", "missing_lines": 14, "excluded_lines": 0}, "missing_lines": [353, 356, 357, 360, 363, 366, 367, 368, 369, 372, 373, 374, 375, 377], "excluded_lines": []}, "format_scale_melody_analysis": {"executed_lines": [], "summary": {"covered_lines": 0, "num_statements": 20, "percent_covered": 0.0, "percent_covered_display": "0", "missing_lines": 20, "excluded_lines": 0}, "missing_lines": [390, 392, 393, 396, 398, 399, 401, 403, 406, 409, 410, 411, 414, 415, 416, 421, 422, 425, 428, 430], "excluded_lines": []}, "describe_contour": {"executed_lines": [], "summary": {"covered_lines": 0, "num_statements": 14, "percent_covered": 0.0, "percent_covered_display": "0", "missing_lines": 14, "excluded_lines": 0}, "missing_lines": [466, 467, 469, 470, 471, 473, 474, 475, 476, 477, 478, 479, 480, 482], "excluded_lines": []}, "": {"executed_lines": [1, 8, 9, 10, 11, 14, 62, 79, 96, 118, 146, 186, 209, 233, 266, 291, 294, 307, 340, 380, 456], "summary": {"covered_lines": 20, "num_statements": 20, "percent_covered": 100.0, "percent_covered_display": "100", "missing_lines": 0, "excluded_lines": 0}, "missing_lines": [], "excluded_lines": []}}, "classes": {"": {"executed_lines": [1, 8, 9, 10, 11, 14, 62, 79, 96, 118, 146, 186, 209, 233, 266, 268, 269, 271, 272, 273, 291, 294, 307, 340, 380, 456], "summary": {"covered_lines": 25, "num_statements": 176, "percent_covered": 14.204545454545455, "percent_covered_display": "14", "missing_lines": 151, "excluded_lines": 0}, "missing_lines": [25, 26, 29, 34, 35, 36, 37, 39, 42, 43, 46, 47, 50, 52, 53, 54, 55, 56, 57, 59, 73, 74, 76, 90, 91, 93, 106, 107, 108, 109, 110, 111, 112, 113, 115, 136, 138, 139, 140, 141, 143, 156, 157, 160, 161, 162, 163, 164, 165, 166, 167, 169, 171, 172, 173, 176, 177, 178, 179, 181, 183, 196, 197, 200, 201, 203, 204, 206, 220, 221, 224, 225, 227, 228, 230, 243, 245, 246, 247, 250, 253, 254, 255, 256, 258, 260, 262, 274, 276, 304, 317, 318, 320, 322, 323, 324, 326, 327, 328, 330, 334, 335, 337, 353, 356, 357, 360, 363, 366, 367, 368, 369, 372, 373, 374, 375, 377, 390, 392, 393, 396, 398, 399, 401, 403, 406, 409, 410, 411, 414, 415, 416, 421, 422, 425, 428, 430, 466, 467, 469, 470, 471, 473, 474, 475, 476, 477, 478, 479, 480, 482], "excluded_lines": []}}}, "src/harmonic_analysis/functional_harmony.py": {"executed_lines": [1, 8, 9, 11, 12, 13, 16, 44, 88, 89, 90, 92, 93, 94, 95, 96, 97, 98, 99, 100, 101, 104, 105, 106, 108, 109, 110, 111, 114, 115, 116, 118, 119, 120, 121, 124, 125, 126, 128, 129, 130, 131, 132, 133, 134, 135, 136, 137, 140, 141, 144, 145, 147, 160, 164, 167, 170, 171, 174, 179, 182, 186, 201, 210, 212, 213, 214, 228, 231, 232, 235, 244, 252, 254, 255, 256, 257, 258, 259, 263, 265, 267, 269, 271, 272, 274, 275, 276, 281, 283, 289, 291, 297, 299, 300, 301, 302, 303, 306, 311, 316, 323, 328, 333, 334, 335, 341, 356, 358, 360, 372, 377, 382, 383, 386, 389, 392, 397, 401, 403, 412, 415, 424, 426, 428, 430, 431, 432, 433, 434, 435, 436, 437, 438, 440, 442, 444, 445, 447, 449, 452, 453, 456, 457, 460, 461, 464, 469, 470, 472, 474, 484, 486, 488, 491, 492, 493, 496, 497, 498, 500, 501, 502, 504, 507, 512, 515, 516, 519, 523, 525, 528, 542, 543, 544, 546, 547, 548, 549, 550, 552, 555, 556, 570, 571, 572, 574, 576, 579, 601, 602, 604, 605, 606, 608, 610, 613, 628, 631, 633, 634, 637, 638, 639, 642, 647, 650, 652, 655, 664, 669, 673, 681, 683, 687, 688, 690, 691, 695, 703, 710, 712, 714, 718, 721, 722, 723, 726, 727, 730, 734, 735, 738, 740, 744, 746, 747, 748, 751, 755, 767, 771, 783, 787, 798, 800, 805, 806, 807, 808, 809, 813, 814, 815, 818, 819, 820, 825, 827, 829, 833, 835, 836, 837, 839, 841, 850, 852, 858, 859, 860, 865, 866, 867, 869, 871, 878, 881, 882, 883, 886, 887, 888, 891, 892, 893, 894, 896, 898, 905, 907, 909, 910, 912, 913, 914, 916, 918, 968, 976, 987, 1029, 1051, 1063], "summary": {"covered_lines": 298, "num_statements": 366, "percent_covered": 81.4207650273224, "percent_covered_display": "81", "missing_lines": 68, "excluded_lines": 0}, "missing_lines": [161, 284, 439, 441, 443, 465, 499, 503, 505, 508, 509, 551, 573, 575, 607, 609, 632, 640, 645, 670, 731, 810, 922, 923, 925, 928, 929, 939, 949, 952, 954, 955, 958, 961, 964, 966, 973, 974, 978, 979, 980, 981, 982, 983, 985, 989, 991, 992, 993, 996, 1000, 1012, 1016, 1027, 1033, 1035, 1036, 1038, 1039, 1040, 1049, 1056, 1057, 1058, 1059, 1061, 1067, 1068], "excluded_lines": [], "functions": {"FunctionalHarmonyAnalyzer.__init__": {"executed_lines": [145], "summary": {"covered_lines": 1, "num_statements": 1, "percent_covered": 100.0, "percent_covered_display": "100", "missing_lines": 0, "excluded_lines": 0}, "missing_lines": [], "excluded_lines": []}, "FunctionalHarmonyAnalyzer.analyze_functionally": {"executed_lines": [160, 164, 167, 170, 171, 174, 179, 182, 186], "summary": {"covered_lines": 9, "num_statements": 10, "percent_covered": 90.0, "percent_covered_display": "90", "missing_lines": 1, "excluded_lines": 0}, "missing_lines": [161], "excluded_lines": []}, "FunctionalHarmonyAnalyzer._determine_key_center": {"executed_lines": [210, 212, 213, 214, 228, 231, 232, 235, 244], "summary": {"covered_lines": 9, "num_statements": 9, "percent_covered": 100.0, "percent_covered_display": "100", "missing_lines": 0, "excluded_lines": 0}, "missing_lines": [], "excluded_lines": []}, "FunctionalHarmonyAnalyzer._parse_key": {"executed_lines": [254, 255, 256, 257, 258, 259, 263], "summary": {"covered_lines": 7, "num_statements": 7, "percent_covered": 100.0, "percent_covered_display": "100", "missing_lines": 0, "excluded_lines": 0}, "missing_lines": [], "excluded_lines": []}, "FunctionalHarmonyAnalyzer._get_key_signature": {"executed_lines": [267], "summary": {"covered_lines": 1, "num_statements": 1, "percent_covered": 100.0, "percent_covered_display": "100", "missing_lines": 0, "excluded_lines": 0}, "missing_lines": [], "excluded_lines": []}, "FunctionalHarmonyAnalyzer._parse_chord_symbol": {"executed_lines": [271, 272, 274, 275, 276, 281, 283, 289], "summary": {"covered_lines": 8, "num_statements": 9, "percent_covered": 88.88888888888889, "percent_covered_display": "89", "missing_lines": 1, "excluded_lines": 0}, "missing_lines": [284], "excluded_lines": []}, "FunctionalHarmonyAnalyzer._analyze_chords_in_key": {"executed_lines": [297, 299, 300, 301, 302, 303, 306, 311, 316, 323, 328, 333, 334, 335, 341, 356], "summary": {"covered_lines": 16, "num_statements": 16, "percent_covered": 100.0, "percent_covered_display": "100", "missing_lines": 0, "excluded_lines": 0}, "missing_lines": [], "excluded_lines": []}, "FunctionalHarmonyAnalyzer._create_empty_chord_analysis": {"executed_lines": [360], "summary": {"covered_lines": 1, "num_statements": 1, "percent_covered": 100.0, "percent_covered_display": "100", "missing_lines": 0, "excluded_lines": 0}, "missing_lines": [], "excluded_lines": []}, "FunctionalHarmonyAnalyzer._is_chord_diatonic": {"executed_lines": [377, 382, 383, 386, 389, 392], "summary": {"covered_lines": 6, "num_statements": 6, "percent_covered": 100.0, "percent_covered_display": "100", "missing_lines": 0, "excluded_lines": 0}, "missing_lines": [], "excluded_lines": []}, "FunctionalHarmonyAnalyzer._get_expected_diatonic_qualities": {"executed_lines": [401, 403, 412, 415, 424], "summary": {"covered_lines": 5, "num_statements": 5, "percent_covered": 100.0, "percent_covered_display": "100", "missing_lines": 0, "excluded_lines": 0}, "missing_lines": [], "excluded_lines": []}, "FunctionalHarmonyAnalyzer._parse_chord_quality": {"executed_lines": [428, 430, 431, 432, 433, 434, 435, 436, 437, 438, 440, 442, 444, 445, 447], "summary": {"covered_lines": 15, "num_statements": 18, "percent_covered": 83.33333333333333, "percent_covered_display": "83", "missing_lines": 3, "excluded_lines": 0}, "missing_lines": [439, 441, 443], "excluded_lines": []}, "FunctionalHarmonyAnalyzer._qualities_match": {"executed_lines": [452, 453, 456, 457, 460, 461, 464, 469, 470, 472], "summary": {"covered_lines": 10, "num_statements": 11, "percent_covered": 90.9090909090909, "percent_covered_display": "91", "missing_lines": 1, "excluded_lines": 0}, "missing_lines": [465], "excluded_lines": []}, "FunctionalHarmonyAnalyzer._get_roman_numeral": {"executed_lines": [484, 486, 488, 491, 492, 493, 496, 497, 498, 500, 501, 502, 504, 507, 512, 515, 516, 519, 523, 525, 528, 542, 543, 544, 546, 547, 548, 549, 550, 552, 555, 556, 570, 571, 572, 574, 576, 579, 601, 602, 604, 605, 606, 608, 610, 613, 628, 631, 633, 634, 637, 638, 639, 642], "summary": {"covered_lines": 54, "num_statements": 67, "percent_covered": 80.59701492537313, "percent_covered_display": "81", "missing_lines": 13, "excluded_lines": 0}, "missing_lines": [499, 503, 505, 508, 509, 551, 573, 575, 607, 609, 632, 640, 645], "excluded_lines": []}, "FunctionalHarmonyAnalyzer._is_common_borrowed_chord": {"executed_lines": [650, 652, 655], "summary": {"covered_lines": 3, "num_statements": 3, "percent_covered": 100.0, "percent_covered_display": "100", "missing_lines": 0, "excluded_lines": 0}, "missing_lines": [], "excluded_lines": []}, "FunctionalHarmonyAnalyzer._is_likely_secondary_dominant": {"executed_lines": [669, 673, 681], "summary": {"covered_lines": 3, "num_statements": 4, "percent_covered": 75.0, "percent_covered_display": "75", "missing_lines": 1, "excluded_lines": 0}, "missing_lines": [670], "excluded_lines": []}, "FunctionalHarmonyAnalyzer._get_chord_function": {"executed_lines": [687, 688, 690, 691], "summary": {"covered_lines": 4, "num_statements": 4, "percent_covered": 100.0, "percent_covered_display": "100", "missing_lines": 0, "excluded_lines": 0}, "missing_lines": [], "excluded_lines": []}, "FunctionalHarmonyAnalyzer._analyze_inversion_and_figured_bass": {"executed_lines": [703, 710, 712], "summary": {"covered_lines": 3, "num_statements": 3, "percent_covered": 100.0, "percent_covered_display": "100", "missing_lines": 0, "excluded_lines": 0}, "missing_lines": [], "excluded_lines": []}, "FunctionalHarmonyAnalyzer._determine_chromatic_type": {"executed_lines": [718, 721, 722, 723, 726, 727, 730, 734, 735, 738], "summary": {"covered_lines": 10, "num_statements": 11, "percent_covered": 90.9090909090909, "percent_covered_display": "91", "missing_lines": 1, "excluded_lines": 0}, "missing_lines": [731], "excluded_lines": []}, "FunctionalHarmonyAnalyzer._identify_cadences": {"executed_lines": [744, 746, 747, 748, 751, 755, 767, 771, 783, 787, 798], "summary": {"covered_lines": 11, "num_statements": 11, "percent_covered": 100.0, "percent_covered_display": "100", "missing_lines": 0, "excluded_lines": 0}, "missing_lines": [], "excluded_lines": []}, "FunctionalHarmonyAnalyzer._classify_progression": {"executed_lines": [805, 806, 807, 808, 809, 813, 814, 815, 818, 819, 820, 825, 827], "summary": {"covered_lines": 13, "num_statements": 14, "percent_covered": 92.85714285714286, "percent_covered_display": "93", "missing_lines": 1, "excluded_lines": 0}, "missing_lines": [810], "excluded_lines": []}, "FunctionalHarmonyAnalyzer._detect_chromatic_elements": {"executed_lines": [833, 835, 836, 837, 839, 841, 850], "summary": {"covered_lines": 7, "num_statements": 7, "percent_covered": 100.0, "percent_covered_display": "100", "missing_lines": 0, "excluded_lines": 0}, "missing_lines": [], "excluded_lines": []}, "FunctionalHarmonyAnalyzer._get_chromatic_explanation": {"executed_lines": [858, 859, 860, 865, 866, 867, 869], "summary": {"covered_lines": 7, "num_statements": 7, "percent_covered": 100.0, "percent_covered_display": "100", "missing_lines": 0, "excluded_lines": 0}, "missing_lines": [], "excluded_lines": []}, "FunctionalHarmonyAnalyzer._calculate_confidence": {"executed_lines": [878, 881, 882, 883, 886, 887, 888, 891, 892, 893, 894, 896], "summary": {"covered_lines": 12, "num_statements": 12, "percent_covered": 100.0, "percent_covered_display": "100", "missing_lines": 0, "excluded_lines": 0}, "missing_lines": [], "excluded_lines": []}, "FunctionalHarmonyAnalyzer._create_explanation": {"executed_lines": [905, 907, 909, 910, 912, 913, 914, 916], "summary": {"covered_lines": 8, "num_statements": 8, "percent_covered": 100.0, "percent_covered_display": "100", "missing_lines": 0, "excluded_lines": 0}, "missing_lines": [], "excluded_lines": []}, "FunctionalHarmonyAnalyzer._calculate_roman_numeral": {"executed_lines": [], "summary": {"covered_lines": 0, "num_statements": 14, "percent_covered": 0.0, "percent_covered_display": "0", "missing_lines": 14, "excluded_lines": 0}, "missing_lines": [922, 923, 925, 928, 929, 939, 949, 952, 954, 955, 958, 961, 964, 966], "excluded_lines": []}, "FunctionalHarmonyAnalyzer._get_accidental_for_degree": {"executed_lines": [], "summary": {"covered_lines": 0, "num_statements": 2, "percent_covered": 0.0, "percent_covered_display": "0", "missing_lines": 2, "excluded_lines": 0}, "missing_lines": [973, 974], "excluded_lines": []}, "FunctionalHarmonyAnalyzer._generate_figured_bass": {"executed_lines": [], "summary": {"covered_lines": 0, "num_statements": 7, "percent_covered": 0.0, "percent_covered_display": "0", "missing_lines": 7, "excluded_lines": 0}, "missing_lines": [978, 979, 980, 981, 982, 983, 985], "excluded_lines": []}, "FunctionalHarmonyAnalyzer._detect_cadences": {"executed_lines": [], "summary": {"covered_lines": 0, "num_statements": 9, "percent_covered": 0.0, "percent_covered_display": "0", "missing_lines": 9, "excluded_lines": 0}, "missing_lines": [989, 991, 992, 993, 996, 1000, 1012, 1016, 1027], "excluded_lines": []}, "FunctionalHarmonyAnalyzer._identify_chromatic_elements": {"executed_lines": [], "summary": {"covered_lines": 0, "num_statements": 7, "percent_covered": 0.0, "percent_covered_display": "0", "missing_lines": 7, "excluded_lines": 0}, "missing_lines": [1033, 1035, 1036, 1038, 1039, 1040, 1049], "excluded_lines": []}, "FunctionalHarmonyAnalyzer._determine_progression_type": {"executed_lines": [], "summary": {"covered_lines": 0, "num_statements": 5, "percent_covered": 0.0, "percent_covered_display": "0", "missing_lines": 5, "excluded_lines": 0}, "missing_lines": [1056, 1057, 1058, 1059, 1061], "excluded_lines": []}, "FunctionalHarmonyAnalyzer._generate_explanation": {"executed_lines": [], "summary": {"covered_lines": 0, "num_statements": 2, "percent_covered": 0.0, "percent_covered_display": "0", "missing_lines": 2, "excluded_lines": 0}, "missing_lines": [1067, 1068], "excluded_lines": []}, "": {"executed_lines": [1, 8, 9, 11, 12, 13, 16, 44, 88, 89, 90, 92, 93, 94, 95, 96, 97, 98, 99, 100, 101, 104, 105, 106, 108, 109, 110, 111, 114, 115, 116, 118, 119, 120, 121, 124, 125, 126, 128, 129, 130, 131, 132, 133, 134, 135, 136, 137, 140, 141, 144, 147, 201, 252, 265, 269, 291, 358, 372, 397, 426, 449, 474, 647, 664, 683, 695, 714, 740, 800, 829, 852, 871, 898, 918, 968, 976, 987, 1029, 1051, 1063], "summary": {"covered_lines": 75, "num_statements": 75, "percent_covered": 100.0, "percent_covered_display": "100", "missing_lines": 0, "excluded_lines": 0}, "missing_lines": [], "excluded_lines": []}}, "classes": {"FunctionalChordAnalysis": {"executed_lines": [], "summary": {"covered_lines": 0, "num_statements": 0, "percent_covered": 100.0, "percent_covered_display": "100", "missing_lines": 0, "excluded_lines": 0}, "missing_lines": [], "excluded_lines": []}, "Cadence": {"executed_lines": [], "summary": {"covered_lines": 0, "num_statements": 0, "percent_covered": 100.0, "percent_covered_display": "100", "missing_lines": 0, "excluded_lines": 0}, "missing_lines": [], "excluded_lines": []}, "ChromaticElement": {"executed_lines": [], "summary": {"covered_lines": 0, "num_statements": 0, "percent_covered": 100.0, "percent_covered_display": "100", "missing_lines": 0, "excluded_lines": 0}, "missing_lines": [], "excluded_lines": []}, "FunctionalAnalysisResult": {"executed_lines": [], "summary": {"covered_lines": 0, "num_statements": 0, "percent_covered": 100.0, "percent_covered_display": "100", "missing_lines": 0, "excluded_lines": 0}, "missing_lines": [], "excluded_lines": []}, "FunctionalHarmonyAnalyzer": {"executed_lines": [145, 160, 164, 167, 170, 171, 174, 179, 182, 186, 210, 212, 213, 214, 228, 231, 232, 235, 244, 254, 255, 256, 257, 258, 259, 263, 267, 271, 272, 274, 275, 276, 281, 283, 289, 297, 299, 300, 301, 302, 303, 306, 311, 316, 323, 328, 333, 334, 335, 341, 356, 360, 377, 382, 383, 386, 389, 392, 401, 403, 412, 415, 424, 428, 430, 431, 432, 433, 434, 435, 436, 437, 438, 440, 442, 444, 445, 447, 452, 453, 456, 457, 460, 461, 464, 469, 470, 472, 484, 486, 488, 491, 492, 493, 496, 497, 498, 500, 501, 502, 504, 507, 512, 515, 516, 519, 523, 525, 528, 542, 543, 544, 546, 547, 548, 549, 550, 552, 555, 556, 570, 571, 572, 574, 576, 579, 601, 602, 604, 605, 606, 608, 610, 613, 628, 631, 633, 634, 637, 638, 639, 642, 650, 652, 655, 669, 673, 681, 687, 688, 690, 691, 703, 710, 712, 718, 721, 722, 723, 726, 727, 730, 734, 735, 738, 744, 746, 747, 748, 751, 755, 767, 771, 783, 787, 798, 805, 806, 807, 808, 809, 813, 814, 815, 818, 819, 820, 825, 827, 833, 835, 836, 837, 839, 841, 850, 858, 859, 860, 865, 866, 867, 869, 878, 881, 882, 883, 886, 887, 888, 891, 892, 893, 894, 896, 905, 907, 909, 910, 912, 913, 914, 916], "summary": {"covered_lines": 223, "num_statements": 291, "percent_covered": 76.63230240549828, "percent_covered_display": "77", "missing_lines": 68, "excluded_lines": 0}, "missing_lines": [161, 284, 439, 441, 443, 465, 499, 503, 505, 508, 509, 551, 573, 575, 607, 609, 632, 640, 645, 670, 731, 810, 922, 923, 925, 928, 929, 939, 949, 952, 954, 955, 958, 961, 964, 966, 973, 974, 978, 979, 980, 981, 982, 983, 985, 989, 991, 992, 993, 996, 1000, 1012, 1016, 1027, 1033, 1035, 1036, 1038, 1039, 1040, 1049, 1056, 1057, 1058, 1059, 1061, 1067, 1068], "excluded_lines": []}, "": {"executed_lines": [1, 8, 9, 11, 12, 13, 16, 44, 88, 89, 90, 92, 93, 94, 95, 96, 97, 98, 99, 100, 101, 104, 105, 106, 108, 109, 110, 111, 114, 115, 116, 118, 119, 120, 121, 124, 125, 126, 128, 129, 130, 131, 132, 133, 134, 135, 136, 137, 140, 141, 144, 147, 201, 252, 265, 269, 291, 358, 372, 397, 426, 449, 474, 647, 664, 683, 695, 714, 740, 800, 829, 852, 871, 898, 918, 968, 976, 987, 1029, 1051, 1063], "summary": {"covered_lines": 75, "num_statements": 75, "percent_covered": 100.0, "percent_covered_display": "100", "missing_lines": 0, "excluded_lines": 0}, "missing_lines": [], "excluded_lines": []}}}, "src/harmonic_analysis/modal_analysis.py": {"executed_lines": [1, 5, 6, 8, 9, 12, 13, 14, 16, 17, 18, 21, 22, 23, 25, 26, 27, 28, 29, 30, 31, 34, 35, 36, 38, 39, 40, 41, 44, 45, 47, 49, 60, 89, 102, 106, 109, 111, 112, 114, 115, 118, 119, 120, 123, 124, 126, 128, 130, 133, 134, 137, 138, 139, 140, 143, 144, 145, 147, 148, 151, 153, 162, 165, 167, 168, 171, 172, 174, 175, 176, 180, 191, 195, 198, 199, 204, 209, 211, 221, 225, 228, 229, 231, 232, 235, 250, 253, 254, 255, 257, 260, 262, 264, 266, 267, 269, 270, 271, 275, 277, 285, 289, 294, 297, 298, 301, 305, 307, 311, 314, 315, 318, 319, 320, 321, 322, 324, 326, 330, 332, 333, 334, 335, 339, 343], "summary": {"covered_lines": 121, "num_statements": 131, "percent_covered": 92.36641221374046, "percent_covered_display": "92", "missing_lines": 10, "excluded_lines": 0}, "missing_lines": [103, 149, 192, 200, 201, 226, 256, 258, 286, 312], "excluded_lines": [], "functions": {"EnhancedModalAnalyzer.__init__": {"executed_lines": [49, 60], "summary": {"covered_lines": 2, "num_statements": 2, "percent_covered": 100.0, "percent_covered_display": "100", "missing_lines": 0, "excluded_lines": 0}, "missing_lines": [], "excluded_lines": []}, "EnhancedModalAnalyzer.analyze_modal_characteristics": {"executed_lines": [102, 106, 109, 111, 112, 114, 115, 118, 119, 120, 123, 124, 126], "summary": {"covered_lines": 13, "num_statements": 14, "percent_covered": 92.85714285714286, "percent_covered_display": "93", "missing_lines": 1, "excluded_lines": 0}, "missing_lines": [103], "excluded_lines": []}, "EnhancedModalAnalyzer._identify_potential_tonics": {"executed_lines": [130, 133, 134, 137, 138, 139, 140, 143, 144, 145, 147, 148, 151], "summary": {"covered_lines": 13, "num_statements": 14, "percent_covered": 92.85714285714286, "percent_covered_display": "93", "missing_lines": 1, "excluded_lines": 0}, "missing_lines": [149], "excluded_lines": []}, "EnhancedModalAnalyzer._analyze_for_tonic": {"executed_lines": [162, 165, 167, 168, 171, 172, 174, 175, 176, 180, 191, 195, 198, 199, 204, 209, 211], "summary": {"covered_lines": 17, "num_statements": 20, "percent_covered": 85.0, "percent_covered_display": "85", "missing_lines": 3, "excluded_lines": 0}, "missing_lines": [192, 200, 201], "excluded_lines": []}, "EnhancedModalAnalyzer._generate_roman_numerals": {"executed_lines": [225, 228, 229, 231, 232, 235, 250, 253, 254, 255, 257, 260, 262], "summary": {"covered_lines": 13, "num_statements": 16, "percent_covered": 81.25, "percent_covered_display": "81", "missing_lines": 3, "excluded_lines": 0}, "missing_lines": [226, 256, 258], "excluded_lines": []}, "EnhancedModalAnalyzer._find_pattern_matches": {"executed_lines": [266, 267, 269, 270, 271, 275], "summary": {"covered_lines": 6, "num_statements": 6, "percent_covered": 100.0, "percent_covered_display": "100", "missing_lines": 0, "excluded_lines": 0}, "missing_lines": [], "excluded_lines": []}, "EnhancedModalAnalyzer._calculate_modal_confidence": {"executed_lines": [285, 289, 294, 297, 298, 301, 305], "summary": {"covered_lines": 7, "num_statements": 8, "percent_covered": 87.5, "percent_covered_display": "88", "missing_lines": 1, "excluded_lines": 0}, "missing_lines": [286], "excluded_lines": []}, "EnhancedModalAnalyzer._calculate_tonic_emphasis": {"executed_lines": [311, 314, 315, 318, 319, 320, 321, 322, 324], "summary": {"covered_lines": 9, "num_statements": 10, "percent_covered": 90.0, "percent_covered_display": "90", "missing_lines": 1, "excluded_lines": 0}, "missing_lines": [312], "excluded_lines": []}, "EnhancedModalAnalyzer._generate_characteristics": {"executed_lines": [330, 332, 333, 334, 335, 339, 343], "summary": {"covered_lines": 7, "num_statements": 7, "percent_covered": 100.0, "percent_covered_display": "100", "missing_lines": 0, "excluded_lines": 0}, "missing_lines": [], "excluded_lines": []}, "": {"executed_lines": [1, 5, 6, 8, 9, 12, 13, 14, 16, 17, 18, 21, 22, 23, 25, 26, 27, 28, 29, 30, 31, 34, 35, 36, 38, 39, 40, 41, 44, 45, 47, 89, 128, 153, 221, 264, 277, 307, 326], "summary": {"covered_lines": 34, "num_statements": 34, "percent_covered": 100.0, "percent_covered_display": "100", "missing_lines": 0, "excluded_lines": 0}, "missing_lines": [], "excluded_lines": []}}, "classes": {"ModalEvidence": {"executed_lines": [], "summary": {"covered_lines": 0, "num_statements": 0, "percent_covered": 100.0, "percent_covered_display": "100", "missing_lines": 0, "excluded_lines": 0}, "missing_lines": [], "excluded_lines": []}, "ModalAnalysisResult": {"executed_lines": [], "summary": {"covered_lines": 0, "num_statements": 0, "percent_covered": 100.0, "percent_covered_display": "100", "missing_lines": 0, "excluded_lines": 0}, "missing_lines": [], "excluded_lines": []}, "ModalPattern": {"executed_lines": [], "summary": {"covered_lines": 0, "num_statements": 0, "percent_covered": 100.0, "percent_covered_display": "100", "missing_lines": 0, "excluded_lines": 0}, "missing_lines": [], "excluded_lines": []}, "EnhancedModalAnalyzer": {"executed_lines": [49, 60, 102, 106, 109, 111, 112, 114, 115, 118, 119, 120, 123, 124, 126, 130, 133, 134, 137, 138, 139, 140, 143, 144, 145, 147, 148, 151, 162, 165, 167, 168, 171, 172, 174, 175, 176, 180, 191, 195, 198, 199, 204, 209, 211, 225, 228, 229, 231, 232, 235, 250, 253, 254, 255, 257, 260, 262, 266, 267, 269, 270, 271, 275, 285, 289, 294, 297, 298, 301, 305, 311, 314, 315, 318, 319, 320, 321, 322, 324, 330, 332, 333, 334, 335, 339, 343], "summary": {"covered_lines": 87, "num_statements": 97, "percent_covered": 89.69072164948453, "percent_covered_display": "90", "missing_lines": 10, "excluded_lines": 0}, "missing_lines": [103, 149, 192, 200, 201, 226, 256, 258, 286, 312], "excluded_lines": []}, "": {"executed_lines": [1, 5, 6, 8, 9, 12, 13, 14, 16, 17, 18, 21, 22, 23, 25, 26, 27, 28, 29, 30, 31, 34, 35, 36, 38, 39, 40, 41, 44, 45, 47, 89, 128, 153, 221, 264, 277, 307, 326], "summary": {"covered_lines": 34, "num_statements": 34, "percent_covered": 100.0, "percent_covered_display": "100", "missing_lines": 0, "excluded_lines": 0}, "missing_lines": [], "excluded_lines": []}}}, "src/harmonic_analysis/multiple_interpretation_service.py": {"executed_lines": [1, 16, 17, 18, 19, 20, 21, 22, 24, 25, 27, 30, 31, 33, 34, 35, 36, 37, 40, 41, 43, 44, 45, 48, 49, 51, 52, 53, 56, 57, 58, 60, 61, 62, 63, 64, 67, 68, 69, 71, 72, 73, 74, 75, 76, 77, 78, 79, 82, 83, 86, 87, 88, 91, 92, 95, 98, 99, 100, 103, 104, 105, 107, 110, 111, 112, 114, 115, 116, 117, 118, 121, 122, 123, 125, 126, 127, 128, 129, 133, 162, 171, 172, 174, 175, 176, 177, 178, 180, 182, 183, 186, 191, 193, 196, 197, 198, 199, 201, 202, 204, 208, 209, 212, 213, 215, 216, 217, 218, 220, 233, 234, 236, 238, 239, 241, 244, 245, 246, 248, 250, 255, 260, 265, 272, 274, 278, 283, 284, 289, 291, 314, 316, 321, 325, 326, 333, 337, 338, 345, 353, 356, 357, 360, 361, 364, 365, 368, 369, 371, 373, 380, 381, 382, 385, 386, 389, 393, 425, 432, 433, 434, 437, 438, 443, 447, 475, 479, 482, 483, 484, 489, 499, 500, 504, 520, 521, 535, 538, 539, 552, 553, 556, 558, 562, 574, 576, 589, 591, 595, 598, 599, 604, 621, 631, 633, 635, 636, 639, 640, 642, 643, 644, 645, 647, 650, 651, 653, 655, 661, 663, 664, 665, 668, 672, 673, 677, 680, 682, 688, 692, 694, 695, 696, 701, 705, 706, 708, 717, 721, 727, 734, 735, 737, 738, 740, 741, 742, 743, 757, 759, 761, 765, 769, 773, 777, 784, 791, 792, 793, 794, 796, 797, 800, 801, 804, 805, 808, 809, 813, 817, 825, 827, 835, 837, 841, 842, 845, 863, 864, 865, 866, 867, 870, 873, 875, 878, 882, 899, 900, 903, 908, 917, 921, 925, 928, 929, 931, 932, 934, 935, 936, 937, 938, 943, 945, 962, 963, 964, 965, 966, 969, 973, 978, 980, 984, 986, 987, 990, 991, 992, 993, 994, 995, 997, 999, 1001, 1005, 1007, 1010, 1011, 1012, 1013, 1014, 1015, 1016, 1017, 1018, 1019, 1020, 1021, 1022, 1023, 1024, 1025, 1030, 1032, 1036, 1037, 1039, 1042, 1043, 1049, 1050, 1054, 1062, 1063, 1066, 1069, 1070, 1072, 1073, 1074, 1075, 1077, 1078, 1079, 1083, 1087, 1093, 1094, 1097, 1099, 1100, 1103, 1104, 1107, 1108, 1111, 1112, 1116, 1120, 1123, 1136], "summary": {"covered_lines": 363, "num_statements": 402, "percent_covered": 90.29850746268657, "percent_covered_display": "90", "missing_lines": 39, "excluded_lines": 0}, "missing_lines": [187, 188, 189, 273, 275, 318, 319, 329, 330, 331, 341, 342, 343, 421, 422, 423, 471, 472, 473, 782, 811, 871, 879, 907, 912, 914, 915, 939, 940, 942, 952, 953, 970, 974, 1026, 1027, 1028, 1052, 1081], "excluded_lines": [], "functions": {"AnalysisCache.__init__": {"executed_lines": [175, 176, 177, 178], "summary": {"covered_lines": 4, "num_statements": 4, "percent_covered": 100.0, "percent_covered_display": "100", "missing_lines": 0, "excluded_lines": 0}, "missing_lines": [], "excluded_lines": []}, "AnalysisCache.get": {"executed_lines": [182, 183, 186, 191], "summary": {"covered_lines": 4, "num_statements": 7, "percent_covered": 57.142857142857146, "percent_covered_display": "57", "missing_lines": 3, "excluded_lines": 0}, "missing_lines": [187, 188, 189], "excluded_lines": []}, "AnalysisCache.set": {"executed_lines": [196, 197, 198, 199, 201, 202], "summary": {"covered_lines": 6, "num_statements": 6, "percent_covered": 100.0, "percent_covered_display": "100", "missing_lines": 0, "excluded_lines": 0}, "missing_lines": [], "excluded_lines": []}, "AnalysisCache.get_cache_key": {"executed_lines": [208, 209], "summary": {"covered_lines": 2, "num_statements": 2, "percent_covered": 100.0, "percent_covered_display": "100", "missing_lines": 0, "excluded_lines": 0}, "missing_lines": [], "excluded_lines": []}, "MultipleInterpretationService.__init__": {"executed_lines": [216, 217, 218], "summary": {"covered_lines": 3, "num_statements": 3, "percent_covered": 100.0, "percent_covered_display": "100", "missing_lines": 0, "excluded_lines": 0}, "missing_lines": [], "excluded_lines": []}, "MultipleInterpretationService.analyze_progression": {"executed_lines": [233, 234, 236, 238, 239, 241, 244, 245, 246, 248, 250, 255, 260, 265, 272, 274, 278, 283, 284, 289, 291, 314, 316], "summary": {"covered_lines": 23, "num_statements": 27, "percent_covered": 85.18518518518519, "percent_covered_display": "85", "missing_lines": 4, "excluded_lines": 0}, "missing_lines": [273, 275, 318, 319], "excluded_lines": []}, "MultipleInterpretationService._run_functional_analysis": {"executed_lines": [325, 326], "summary": {"covered_lines": 2, "num_statements": 5, "percent_covered": 40.0, "percent_covered_display": "40", "missing_lines": 3, "excluded_lines": 0}, "missing_lines": [329, 330, 331], "excluded_lines": []}, "MultipleInterpretationService._run_modal_analysis": {"executed_lines": [337, 338], "summary": {"covered_lines": 2, "num_statements": 5, "percent_covered": 40.0, "percent_covered_display": "40", "missing_lines": 3, "excluded_lines": 0}, "missing_lines": [341, 342, 343], "excluded_lines": []}, "MultipleInterpretationService._calculate_interpretations": {"executed_lines": [353, 356, 357, 360, 361, 364, 365, 368, 369, 371], "summary": {"covered_lines": 10, "num_statements": 10, "percent_covered": 100.0, "percent_covered_display": "100", "missing_lines": 0, "excluded_lines": 0}, "missing_lines": [], "excluded_lines": []}, "MultipleInterpretationService._create_functional_interpretation": {"executed_lines": [380, 381, 382, 385, 386, 389, 393], "summary": {"covered_lines": 7, "num_statements": 10, "percent_covered": 70.0, "percent_covered_display": "70", "missing_lines": 3, "excluded_lines": 0}, "missing_lines": [421, 422, 423], "excluded_lines": []}, "MultipleInterpretationService._create_modal_interpretation": {"executed_lines": [432, 433, 434, 437, 438, 443, 447], "summary": {"covered_lines": 7, "num_statements": 10, "percent_covered": 70.0, "percent_covered_display": "70", "missing_lines": 3, "excluded_lines": 0}, "missing_lines": [471, 472, 473], "excluded_lines": []}, "MultipleInterpretationService._collect_functional_evidence": {"executed_lines": [479, 482, 483, 484, 489, 499, 500, 504, 520, 521, 535, 538, 539, 552, 553, 556, 558, 562, 574, 576, 589], "summary": {"covered_lines": 21, "num_statements": 21, "percent_covered": 100.0, "percent_covered_display": "100", "missing_lines": 0, "excluded_lines": 0}, "missing_lines": [], "excluded_lines": []}, "MultipleInterpretationService._collect_modal_evidence": {"executed_lines": [595, 598, 599, 604, 621, 631], "summary": {"covered_lines": 6, "num_statements": 6, "percent_covered": 100.0, "percent_covered_display": "100", "missing_lines": 0, "excluded_lines": 0}, "missing_lines": [], "excluded_lines": []}, "MultipleInterpretationService._calculate_confidence": {"executed_lines": [635, 636, 639, 640, 642, 643, 644, 645, 647, 650, 651, 653], "summary": {"covered_lines": 12, "num_statements": 12, "percent_covered": 100.0, "percent_covered_display": "100", "missing_lines": 0, "excluded_lines": 0}, "missing_lines": [], "excluded_lines": []}, "MultipleInterpretationService._generate_functional_reasoning": {"executed_lines": [661, 663, 664, 665, 668, 672, 673, 677, 680, 682], "summary": {"covered_lines": 10, "num_statements": 10, "percent_covered": 100.0, "percent_covered_display": "100", "missing_lines": 0, "excluded_lines": 0}, "missing_lines": [], "excluded_lines": []}, "MultipleInterpretationService._generate_modal_reasoning": {"executed_lines": [692, 694, 695, 696, 701, 705, 706, 708], "summary": {"covered_lines": 8, "num_statements": 8, "percent_covered": 100.0, "percent_covered_display": "100", "missing_lines": 0, "excluded_lines": 0}, "missing_lines": [], "excluded_lines": []}, "MultipleInterpretationService._rank_interpretations": {"executed_lines": [721], "summary": {"covered_lines": 1, "num_statements": 1, "percent_covered": 100.0, "percent_covered_display": "100", "missing_lines": 0, "excluded_lines": 0}, "missing_lines": [], "excluded_lines": []}, "MultipleInterpretationService._filter_alternatives": {"executed_lines": [734, 735, 737, 738, 740, 741, 742, 743, 757, 759], "summary": {"covered_lines": 10, "num_statements": 10, "percent_covered": 100.0, "percent_covered_display": "100", "missing_lines": 0, "excluded_lines": 0}, "missing_lines": [], "excluded_lines": []}, "MultipleInterpretationService._generate_relationship_description": {"executed_lines": [765, 769, 773, 777], "summary": {"covered_lines": 4, "num_statements": 5, "percent_covered": 80.0, "percent_covered_display": "80", "missing_lines": 1, "excluded_lines": 0}, "missing_lines": [782], "excluded_lines": []}, "MultipleInterpretationService._should_show_alternatives": {"executed_lines": [791, 792, 793, 794, 796, 797, 800, 801, 804, 805, 808, 809], "summary": {"covered_lines": 12, "num_statements": 13, "percent_covered": 92.3076923076923, "percent_covered_display": "92", "missing_lines": 1, "excluded_lines": 0}, "missing_lines": [811], "excluded_lines": []}, "MultipleInterp
[...]
11, 1112, 1116], "summary": {"covered_lines": 13, "num_statements": 13, "percent_covered": 100.0, "percent_covered_display": "100", "missing_lines": 0, "excluded_lines": 0}, "missing_lines": [], "excluded_lines": []}, "analyze_progression_multiple": {"executed_lines": [1136], "summary": {"covered_lines": 1, "num_statements": 1, "percent_covered": 100.0, "percent_covered_display": "100", "missing_lines": 0, "excluded_lines": 0}, "missing_lines": [], "excluded_lines": []}, "": {"executed_lines": [1, 16, 17, 18, 19, 20, 21, 22, 24, 25, 27, 30, 31, 33, 34, 35, 36, 37, 40, 41, 43, 44, 45, 48, 49, 51, 52, 53, 56, 57, 58, 60, 61, 62, 63, 64, 67, 68, 69, 71, 72, 73, 74, 75, 76, 77, 78, 79, 82, 83, 86, 87, 88, 91, 92, 95, 98, 99, 100, 103, 104, 105, 107, 110, 111, 112, 114, 115, 116, 117, 118, 121, 122, 123, 125, 126, 127, 128, 129, 133, 162, 171, 172, 174, 180, 193, 204, 212, 213, 215, 220, 321, 333, 345, 373, 425, 475, 591, 633, 655, 688, 717, 727, 761, 784, 813, 825, 837, 875, 921, 980, 1001, 1032, 1054, 1083, 1120, 1123], "summary": {"covered_lines": 106, "num_statements": 106, "percent_covered": 100.0, "percent_covered_display": "100", "missing_lines": 0, "excluded_lines": 0}, "missing_lines": [], "excluded_lines": []}}, "classes": {"EvidenceType": {"executed_lines": [], "summary": {"covered_lines": 0, "num_statements": 0, "percent_covered": 100.0, "percent_covered_display": "100", "missing_lines": 0, "excluded_lines": 0}, "missing_lines": [], "excluded_lines": []}, "InterpretationType": {"executed_lines": [], "summary": {"covered_lines": 0, "num_statements": 0, "percent_covered": 100.0, "percent_covered_display": "100", "missing_lines": 0, "excluded_lines": 0}, "missing_lines": [], "excluded_lines": []}, "PedagogicalLevel": {"executed_lines": [], "summary": {"covered_lines": 0, "num_statements": 0, "percent_covered": 100.0, "percent_covered_display": "100", "missing_lines": 0, "excluded_lines": 0}, "missing_lines": [], "excluded_lines": []}, "AnalysisEvidence": {"executed_lines": [], "summary": {"covered_lines": 0, "num_statements": 0, "percent_covered": 100.0, "percent_covered_display": "100", "missing_lines": 0, "excluded_lines": 0}, "missing_lines": [], "excluded_lines": []}, "InterpretationAnalysis": {"executed_lines": [], "summary": {"covered_lines": 0, "num_statements": 0, "percent_covered": 100.0, "percent_covered_display": "100", "missing_lines": 0, "excluded_lines": 0}, "missing_lines": [], "excluded_lines": []}, "AlternativeAnalysis": {"executed_lines": [], "summary": {"covered_lines": 0, "num_statements": 0, "percent_covered": 100.0, "percent_covered_display": "100", "missing_lines": 0, "excluded_lines": 0}, "missing_lines": [], "excluded_lines": []}, "MultipleInterpretationMetadata": {"executed_lines": [], "summary": {"covered_lines": 0, "num_statements": 0, "percent_covered": 100.0, "percent_covered_display": "100", "missing_lines": 0, "excluded_lines": 0}, "missing_lines": [], "excluded_lines": []}, "MultipleInterpretationResult": {"executed_lines": [], "summary": {"covered_lines": 0, "num_statements": 0, "percent_covered": 100.0, "percent_covered_display": "100", "missing_lines": 0, "excluded_lines": 0}, "missing_lines": [], "excluded_lines": []}, "AnalysisCache": {"executed_lines": [175, 176, 177, 178, 182, 183, 186, 191, 196, 197, 198, 199, 201, 202, 208, 209], "summary": {"covered_lines": 16, "num_statements": 19, "percent_covered": 84.21052631578948, "percent_covered_display": "84", "missing_lines": 3, "excluded_lines": 0}, "missing_lines": [187, 188, 189], "excluded_lines": []}, "MultipleInterpretationService": {"executed_lines": [216, 217, 218, 233, 234, 236, 238, 239, 241, 244, 245, 246, 248, 250, 255, 260, 265, 272, 274, 278, 283, 284, 289, 291, 314, 316, 325, 326, 337, 338, 353, 356, 357, 360, 361, 364, 365, 368, 369, 371, 380, 381, 382, 385, 386, 389, 393, 432, 433, 434, 437, 438, 443, 447, 479, 482, 483, 484, 489, 499, 500, 504, 520, 521, 535, 538, 539, 552, 553, 556, 558, 562, 574, 576, 589, 595, 598, 599, 604, 621, 631, 635, 636, 639, 640, 642, 643, 644, 645, 647, 650, 651, 653, 661, 663, 664, 665, 668, 672, 673, 677, 680, 682, 692, 694, 695, 696, 701, 705, 706, 708, 721, 734, 735, 737, 738, 740, 741, 742, 743, 757, 759, 765, 769, 773, 777, 791, 792, 793, 794, 796, 797, 800, 801, 804, 805, 808, 809, 817, 827, 835, 841, 842, 845, 863, 864, 865, 866, 867, 870, 873, 878, 882, 899, 900, 903, 908, 917, 925, 928, 929, 931, 932, 934, 935, 936, 937, 938, 943, 945, 962, 963, 964, 965, 966, 969, 973, 978, 984, 986, 987, 990, 991, 992, 993, 994, 995, 997, 999, 1005, 1007, 1010, 1011, 1012, 1013, 1014, 1015, 1016, 1017, 1018, 1019, 1020, 1021, 1022, 1023, 1024, 1025, 1030, 1036, 1037, 1039, 1042, 1043, 1049, 1050, 1062, 1063, 1066, 1069, 1070, 1072, 1073, 1074, 1075, 1077, 1078, 1079, 1087, 1093, 1094, 1097, 1099, 1100, 1103, 1104, 1107, 1108, 1111, 1112, 1116], "summary": {"covered_lines": 240, "num_statements": 276, "percent_covered": 86.95652173913044, "percent_covered_display": "87", "missing_lines": 36, "excluded_lines": 0}, "missing_lines": [273, 275, 318, 319, 329, 330, 331, 341, 342, 343, 421, 422, 423, 471, 472, 473, 782, 811, 871, 879, 907, 912, 914, 915, 939, 940, 942, 952, 953, 970, 974, 1026, 1027, 1028, 1052, 1081], "excluded_lines": []}, "": {"executed_lines": [1, 16, 17, 18, 19, 20, 21, 22, 24, 25, 27, 30, 31, 33, 34, 35, 36, 37, 40, 41, 43, 44, 45, 48, 49, 51, 52, 53, 56, 57, 58, 60, 61, 62, 63, 64, 67, 68, 69, 71, 72, 73, 74, 75, 76, 77, 78, 79, 82, 83, 86, 87, 88, 91, 92, 95, 98, 99, 100, 103, 104, 105, 107, 110, 111, 112, 114, 115, 116, 117, 118, 121, 122, 123, 125, 126, 127, 128, 129, 133, 162, 171, 172, 174, 180, 193, 204, 212, 213, 215, 220, 321, 333, 345, 373, 425, 475, 591, 633, 655, 688, 717, 727, 761, 784, 813, 825, 837, 875, 921, 980, 1001, 1032, 1054, 1083, 1120, 1123, 1136], "summary": {"covered_lines": 107, "num_statements": 107, "percent_covered": 100.0, "percent_covered_display": "100", "missing_lines": 0, "excluded_lines": 0}, "missing_lines": [], "excluded_lines": []}}}, "src/harmonic_analysis/scale_melody_analysis.py": {"executed_lines": [1, 19, 20, 23, 24, 25, 27, 28, 29, 32, 33, 34, 35, 36, 39, 40, 43, 46, 47, 54, 56, 77, 80, 91, 106, 121, 124, 125, 126, 127, 128, 129, 132, 135, 138, 139, 140, 144, 154, 168, 174, 175, 177, 180, 183, 184, 187, 188, 191, 192, 193, 194, 196, 198, 202, 206, 207, 208, 211, 212, 215, 216, 217, 219, 222, 223, 226, 227, 229, 233, 236, 237, 238, 241, 242, 250, 251, 252, 253, 254, 256, 258, 266, 269, 270, 272, 274, 283, 284, 286, 287, 288, 290, 291, 292, 296, 297, 300, 301, 305, 308, 310, 311, 312, 313, 315, 317, 353, 366, 368, 369, 371, 372, 373, 375, 376, 378, 381, 382, 383, 385, 389, 391, 393, 395, 396, 398, 400, 404, 405, 406, 408, 410, 411, 414, 416, 418, 419, 420, 423, 424, 425, 434, 436, 439, 440, 441, 443, 444, 446, 450, 453, 467], "summary": {"covered_lines": 150, "num_statements": 188, "percent_covered": 79.7872340425532, "percent_covered_display": "80", "missing_lines": 38, "excluded_lines": 0}, "missing_lines": [141, 178, 203, 218, 224, 234, 244, 245, 246, 247, 248, 267, 293, 298, 302, 325, 326, 329, 330, 331, 334, 335, 336, 339, 342, 343, 346, 347, 349, 351, 379, 401, 412, 428, 429, 430, 432, 437], "excluded_lines": [], "functions": {"ScaleMelodyAnalyzer.__init__": {"executed_lines": [56, 77, 80, 91], "summary": {"covered_lines": 4, "num_statements": 4, "percent_covered": 100.0, "percent_covered_display": "100", "missing_lines": 0, "excluded_lines": 0}, "missing_lines": [], "excluded_lines": []}, "ScaleMelodyAnalyzer.analyze_scale_melody": {"executed_lines": [121, 124, 125, 126, 127, 128, 129, 132, 135, 138, 139, 140, 144, 154], "summary": {"covered_lines": 14, "num_statements": 15, "percent_covered": 93.33333333333333, "percent_covered_display": "93", "missing_lines": 1, "excluded_lines": 0}, "missing_lines": [141], "excluded_lines": []}, "ScaleMelodyAnalyzer._detect_parent_scales": {"executed_lines": [174, 175, 177, 180, 183, 184, 187, 188, 191, 192, 193, 194, 196], "summary": {"covered_lines": 13, "num_statements": 14, "percent_covered": 92.85714285714286, "percent_covered_display": "93", "missing_lines": 1, "excluded_lines": 0}, "missing_lines": [178], "excluded_lines": []}, "ScaleMelodyAnalyzer._test_diatonic_fitness": {"executed_lines": [202, 206, 207, 208, 211, 212, 215, 216, 217, 219, 222, 223, 226, 227], "summary": {"covered_lines": 14, "num_statements": 17, "percent_covered": 82.3529411764706, "percent_covered_display": "82", "missing_lines": 3, "excluded_lines": 0}, "missing_lines": [203, 218, 224], "excluded_lines": []}, "ScaleMelodyAnalyzer._identify_non_diatonic_pitches": {"executed_lines": [233, 236, 237, 238, 241, 242, 250, 251, 252, 253, 254, 256], "summary": {"covered_lines": 12, "num_statements": 18, "percent_covered": 66.66666666666667, "percent_covered_display": "67", "missing_lines": 6, "excluded_lines": 0}, "missing_lines": [234, 244, 245, 246, 247, 248], "excluded_lines": []}, "ScaleMelodyAnalyzer._classify_scale_usage": {"executed_lines": [266, 269, 270, 272], "summary": {"covered_lines": 4, "num_statements": 5, "percent_covered": 80.0, "percent_covered_display": "80", "missing_lines": 1, "excluded_lines": 0}, "missing_lines": [267], "excluded_lines": []}, "ScaleMelodyAnalyzer._generate_modal_labels": {"executed_lines": [283, 284, 286, 287, 288, 290, 291, 292, 296, 297, 300, 301, 305, 308, 310, 311, 312, 313, 315], "summary": {"covered_lines": 19, "num_statements": 22, "percent_covered": 86.36363636363636, "percent_covered_display": "86", "missing_lines": 3, "excluded_lines": 0}, "missing_lines": [293, 298, 302], "excluded_lines": []}, "ScaleMelodyAnalyzer._infer_melody_tonic": {"executed_lines": [], "summary": {"covered_lines": 0, "num_statements": 15, "percent_covered": 0.0, "percent_covered_display": "0", "missing_lines": 15, "excluded_lines": 0}, "missing_lines": [325, 326, 329, 330, 331, 334, 335, 336, 339, 342, 343, 346, 347, 349, 351], "excluded_lines": []}, "ScaleMelodyAnalyzer._generate_rationale": {"executed_lines": [366, 368, 369, 371, 372, 373, 375, 376, 378, 381, 382, 383, 385], "summary": {"covered_lines": 13, "num_statements": 14, "percent_covered": 92.85714285714286, "percent_covered_display": "93", "missing_lines": 1, "excluded_lines": 0}, "missing_lines": [379], "excluded_lines": []}, "ScaleMelodyAnalyzer._notes_to_pitch_classes": {"executed_lines": [391], "summary": {"covered_lines": 1, "num_statements": 1, "percent_covered": 100.0, "percent_covered_display": "100", "missing_lines": 0, "excluded_lines": 0}, "missing_lines": [], "excluded_lines": []}, "ScaleMelodyAnalyzer._note_to_pitch_class": {"executed_lines": [395, 396], "summary": {"covered_lines": 2, "num_statements": 2, "percent_covered": 100.0, "percent_covered_display": "100", "missing_lines": 0, "excluded_lines": 0}, "missing_lines": [], "excluded_lines": []}, "ScaleMelodyAnalyzer._extract_root": {"executed_lines": [400, 404, 405, 406], "summary": {"covered_lines": 4, "num_statements": 5, "percent_covered": 80.0, "percent_covered_display": "80", "missing_lines": 1, "excluded_lines": 0}, "missing_lines": [401], "excluded_lines": []}, "ScaleMelodyAnalyzer._get_major_scale_pitch_classes": {"executed_lines": [410, 411, 414], "summary": {"covered_lines": 3, "num_statements": 4, "percent_covered": 75.0, "percent_covered_display": "75", "missing_lines": 1, "excluded_lines": 0}, "missing_lines": [412], "excluded_lines": []}, "ScaleMelodyAnalyzer._pitch_class_to_note": {"executed_lines": [418, 419, 420, 423, 424, 425], "summary": {"covered_lines": 6, "num_statements": 10, "percent_covered": 60.0, "percent_covered_display": "60", "missing_lines": 4, "excluded_lines": 0}, "missing_lines": [428, 429, 430, 432], "excluded_lines": []}, "ScaleMelodyAnalyzer._parse_key_string": {"executed_lines": [436, 439, 440, 441, 443, 444, 446], "summary": {"covered_lines": 7, "num_statements": 8, "percent_covered": 87.5, "percent_covered_display": "88", "missing_lines": 1, "excluded_lines": 0}, "missing_lines": [437], "excluded_lines": []}, "analyze_scale_melody": {"executed_lines": [467], "summary": {"covered_lines": 1, "num_statements": 1, "percent_covered": 100.0, "percent_covered_display": "100", "missing_lines": 0, "excluded_lines": 0}, "missing_lines": [], "excluded_lines": []}, "": {"executed_lines": [1, 19, 20, 23, 24, 25, 27, 28, 29, 32, 33, 34, 35, 36, 39, 40, 43, 46, 47, 54, 106, 168, 198, 229, 258, 274, 317, 353, 389, 393, 398, 408, 416, 434, 450, 453], "summary": {"covered_lines": 33, "num_statements": 33, "percent_covered": 100.0, "percent_covered_display": "100", "missing_lines": 0, "excluded_lines": 0}, "missing_lines": [], "excluded_lines": []}}, "classes": {"ScaleMelodyAnalysisResult": {"executed_lines": [], "summary": {"covered_lines": 0, "num_statements": 0, "percent_covered": 100.0, "percent_covered_display": "100", "missing_lines": 0, "excluded_lines": 0}, "missing_lines": [], "excluded_lines": []}, "ScaleMelodyAnalyzer": {"executed_lines": [56, 77, 80, 91, 121, 124, 125, 126, 127, 128, 129, 132, 135, 138, 139, 140, 144, 154, 174, 175, 177, 180, 183, 184, 187, 188, 191, 192, 193, 194, 196, 202, 206, 207, 208, 211, 212, 215, 216, 217, 219, 222, 223, 226, 227, 233, 236, 237, 238, 241, 242, 250, 251, 252, 253, 254, 256, 266, 269, 270, 272, 283, 284, 286, 287, 288, 290, 291, 292, 296, 297, 300, 301, 305, 308, 310, 311, 312, 313, 315, 366, 368, 369, 371, 372, 373, 375, 376, 378, 381, 382, 383, 385, 391, 395, 396, 400, 404, 405, 406, 410, 411, 414, 418, 419, 420, 423, 424, 425, 436, 439, 440, 441, 443, 444, 446], "summary": {"covered_lines": 116, "num_statements": 154, "percent_covered": 75.32467532467533, "percent_covered_display": "75", "missing_lines": 38, "excluded_lines": 0}, "missing_lines": [141, 178, 203, 218, 224, 234, 244, 245, 246, 247, 248, 267, 293, 298, 302, 325, 326, 329, 330, 331, 334, 335, 336, 339, 342, 343, 346, 347, 349, 351, 379, 401, 412, 428, 429, 430, 432, 437], "excluded_lines": []}, "": {"executed_lines": [1, 19, 20, 23, 24, 25, 27, 28, 29, 32, 33, 34, 35, 36, 39, 40, 43, 46, 47, 54, 106, 168, 198, 229, 258, 274, 317, 353, 389, 393, 398, 408, 416, 434, 450, 453, 467], "summary": {"covered_lines": 34, "num_statements": 34, "percent_covered": 100.0, "percent_covered_display": "100", "missing_lines": 0, "excluded_lines": 0}, "missing_lines": [], "excluded_lines": []}}}, "src/harmonic_analysis/scales.py": {"executed_lines": [1, 5, 6, 9, 10, 11, 13, 14, 15, 16, 20, 46, 62, 73, 84, 95, 106, 113, 124, 127, 128, 131, 132, 133, 135, 136, 139], "summary": {"covered_lines": 25, "num_statements": 35, "percent_covered": 71.42857142857143, "percent_covered_display": "71", "missing_lines": 10, "excluded_lines": 0}, "missing_lines": [125, 129, 150, 151, 152, 154, 155, 156, 157, 159], "excluded_lines": [], "functions": {"get_parent_key": {"executed_lines": [124, 127, 128, 131, 132, 133, 135, 136], "summary": {"covered_lines": 8, "num_statements": 10, "percent_covered": 80.0, "percent_covered_display": "80", "missing_lines": 2, "excluded_lines": 0}, "missing_lines": [125, 129], "excluded_lines": []}, "generate_scale_notes": {"executed_lines": [], "summary": {"covered_lines": 0, "num_statements": 8, "percent_covered": 0.0, "percent_covered_display": "0", "missing_lines": 8, "excluded_lines": 0}, "missing_lines": [150, 151, 152, 154, 155, 156, 157, 159], "excluded_lines": []}, "": {"executed_lines": [1, 5, 6, 9, 10, 11, 13, 14, 15, 16, 20, 46, 62, 73, 84, 95, 106, 113, 139], "summary": {"covered_lines": 17, "num_statements": 17, "percent_covered": 100.0, "percent_covered_display": "100", "missing_lines": 0, "excluded_lines": 0}, "missing_lines": [], "excluded_lines": []}}, "classes": {"ScaleData": {"executed_lines": [], "summary": {"covered_lines": 0, "num_statements": 0, "percent_covered": 100.0, "percent_covered_display": "100", "missing_lines": 0, "excluded_lines": 0}, "missing_lines": [], "excluded_lines": []}, "": {"executed_lines": [1, 5, 6, 9, 10, 11, 13, 14, 15, 16, 20, 46, 62, 73, 84, 95, 106, 113, 124, 127, 128, 131, 132, 133, 135, 136, 139], "summary": {"covered_lines": 25, "num_statements": 35, "percent_covered": 71.42857142857143, "percent_covered_display": "71", "missing_lines": 10, "excluded_lines": 0}, "missing_lines": [125, 129, 150, 151, 152, 154, 155, 156, 157, 159], "excluded_lines": []}}}, "src/harmonic_analysis/types.py": {"executed_lines": [1, 5, 6, 7, 10, 11, 13, 14, 15, 16, 17, 18, 21, 22, 24, 25, 26, 27, 28, 31, 32, 34, 35, 36, 37, 38, 39, 40, 41, 42, 43, 46, 47, 48, 50, 51, 52, 55, 56, 57, 59, 60, 61, 62, 63, 66, 67, 68, 70, 71, 72, 73, 74, 77, 78, 79, 81, 82, 83, 84, 85, 86, 87, 88, 89, 92, 93, 94, 96, 97, 98, 99], "summary": {"covered_lines": 63, "num_statements": 63, "percent_covered": 100.0, "percent_covered_display": "100", "missing_lines": 0, "excluded_lines": 0}, "missing_lines": [], "excluded_lines": [], "functions": {"": {"executed_lines": [1, 5, 6, 7, 10, 11, 13, 14, 15, 16, 17, 18, 21, 22, 24, 25, 26, 27, 28, 31, 32, 34, 35, 36, 37, 38, 39, 40, 41, 42, 43, 46, 47, 48, 50, 51, 52, 55, 56, 57, 59, 60, 61, 62, 63, 66, 67, 68, 70, 71, 72, 73, 74, 77, 78, 79, 81, 82, 83, 84, 85, 86, 87, 88, 89, 92, 93, 94, 96, 97, 98, 99], "summary": {"covered_lines": 63, "num_statements": 63, "percent_covered": 100.0, "percent_covered_display": "100", "missing_lines": 0, "excluded_lines": 0}, "missing_lines": [], "excluded_lines": []}}, "classes": {"ChordFunction": {"executed_lines": [], "summary": {"covered_lines": 0, "num_statements": 0, "percent_covered": 100.0, "percent_covered_display": "100", "missing_lines": 0, "excluded_lines": 0}, "missing_lines": [], "excluded_lines": []}, "ChromaticType": {"executed_lines": [], "summary": {"covered_lines": 0, "num_statements": 0, "percent_covered": 100.0, "percent_covered_display": "100", "missing_lines": 0, "excluded_lines": 0}, "missing_lines": [], "excluded_lines": []}, "ProgressionType": {"executed_lines": [], "summary": {"covered_lines": 0, "num_statements": 0, "percent_covered": 100.0, "percent_covered_display": "100", "missing_lines": 0, "excluded_lines": 0}, "missing_lines": [], "excluded_lines": []}, "UserInputContext": {"executed_lines": [], "summary": {"covered_lines": 0, "num_statements": 0, "percent_covered": 100.0, "percent_covered_display": "100", "missing_lines": 0, "excluded_lines": 0}, "missing_lines": [], "excluded_lines": []}, "AnalysisOptions": {"executed_lines": [], "summary": {"covered_lines": 0, "num_statements": 0, "percent_covered": 100.0, "percent_covered_display": "100", "missing_lines": 0, "excluded_lines": 0}, "missing_lines": [], "excluded_lines": []}, "Evidence": {"executed_lines": [], "summary": {"covered_lines": 0, "num_statements": 0, "percent_covered": 100.0, "percent_covered_display": "100", "missing_lines": 0, "excluded_lines": 0}, "missing_lines": [], "excluded_lines": []}, "Interpretation": {"executed_lines": [], "summary": {"covered_lines": 0, "num_statements": 0, "percent_covered": 100.0, "percent_covered_display": "100", "missing_lines": 0, "excluded_lines": 0}, "missing_lines": [], "excluded_lines": []}, "MultipleInterpretationResult": {"executed_lines": [], "summary": {"covered_lines": 0, "num_statements": 0, "percent_covered": 100.0, "percent_covered_display": "100", "missing_lines": 0, "excluded_lines": 0}, "missing_lines": [], "excluded_lines": []}, "": {"executed_lines": [1, 5, 6, 7, 10, 11, 13, 14, 15, 16, 17, 18, 21, 22, 24, 25, 26, 27, 28, 31, 32, 34, 35, 36, 37, 38, 39, 40, 41, 42, 43, 46, 47, 48, 50, 51, 52, 55, 56, 57, 59, 60, 61, 62, 63, 66, 67, 68, 70, 71, 72, 73, 74, 77, 78, 79, 81, 82, 83, 84, 85, 86, 87, 88, 89, 92, 93, 94, 96, 97, 98, 99], "summary": {"covered_lines": 63, "num_statements": 63, "percent_covered": 100.0, "percent_covered_display": "100", "missing_lines": 0, "excluded_lines": 0}, "missing_lines": [], "excluded_lines": []}}}}, "totals": {"covered_lines": 1942, "num_statements": 2372, "percent_covered": 81.87183811129849, "percent_covered_display": "82", "missing_lines": 430, "excluded_lines": 0}}
